{"/Users/osamawh/Desktop/Gradeproof/jsdiff/runtime.js":{"path":"/Users/osamawh/Desktop/Gradeproof/jsdiff/runtime.js","s":{"1":1},"b":{},"f":{},"fnMap":{},"statementMap":{"1":{"start":{"line":1,"column":0},"end":{"line":3,"column":3}}},"branchMap":{}},"/Users/osamawh/Desktop/Gradeproof/jsdiff/lib/convert/dmp.js":{"path":"/Users/osamawh/Desktop/Gradeproof/jsdiff/lib/convert/dmp.js","s":{"1":1,"2":1,"3":1,"4":1,"5":1,"6":4,"7":4,"8":1,"9":3,"10":1,"11":2,"12":4,"13":1},"b":{"1":[1,3],"2":[1,2]},"f":{"1":1},"fnMap":{"1":{"name":"convertChangesToDMP","line":11,"loc":{"start":{"line":11,"column":0},"end":{"line":11,"column":38}}}},"statementMap":{"1":{"start":{"line":4,"column":0},"end":{"line":6,"column":3},"skip":true},"2":{"start":{"line":7,"column":0},"end":{"line":7,"column":50},"skip":true},"3":{"start":{"line":11,"column":0},"end":{"line":31,"column":1}},"4":{"start":{"line":12,"column":2},"end":{"line":14,"column":16}},"5":{"start":{"line":16,"column":2},"end":{"line":28,"column":3}},"6":{"start":{"line":17,"column":4},"end":{"line":17,"column":24}},"7":{"start":{"line":19,"column":4},"end":{"line":25,"column":5}},"8":{"start":{"line":20,"column":6},"end":{"line":20,"column":20}},"9":{"start":{"line":21,"column":11},"end":{"line":25,"column":5}},"10":{"start":{"line":22,"column":6},"end":{"line":22,"column":21}},"11":{"start":{"line":24,"column":6},"end":{"line":24,"column":20}},"12":{"start":{"line":27,"column":4},"end":{"line":27,"column":40}},"13":{"start":{"line":30,"column":2},"end":{"line":30,"column":13}}},"branchMap":{"1":{"line":19,"type":"if","locations":[{"start":{"line":19,"column":4},"end":{"line":19,"column":4}},{"start":{"line":19,"column":4},"end":{"line":19,"column":4}}]},"2":{"line":21,"type":"if","locations":[{"start":{"line":21,"column":11},"end":{"line":21,"column":11}},{"start":{"line":21,"column":11},"end":{"line":21,"column":11}}]}}},"/Users/osamawh/Desktop/Gradeproof/jsdiff/lib/diff/word.js":{"path":"/Users/osamawh/Desktop/Gradeproof/jsdiff/lib/diff/word.js","s":{"1":1,"2":1,"3":1,"4":1,"5":1,"6":1,"7":1,"8":1,"9":1,"10":1,"11":1,"12":1,"13":1,"14":27174,"15":9,"16":9,"17":27174,"18":1,"19":100,"20":100,"21":37787,"22":3,"23":3,"24":3,"25":100,"26":1,"27":37,"28":37,"29":1,"30":12},"b":{"1":[1,0],"2":[1,1],"3":[9,27165],"4":[27174,15350,15317,1563],"5":[3,37784],"6":[37787,15534,15501,4357]},"f":{"1":1,"2":27174,"3":100,"4":37,"5":12},"fnMap":{"1":{"name":"_interopRequireDefault","line":24,"loc":{"start":{"line":24,"column":26},"end":{"line":24,"column":63}},"skip":true},"2":{"name":"(anonymous_2)","line":61,"loc":{"start":{"line":61,"column":18},"end":{"line":61,"column":41}}},"3":{"name":"(anonymous_3)","line":70,"loc":{"start":{"line":70,"column":20},"end":{"line":70,"column":37}}},"4":{"name":"diffWords","line":85,"loc":{"start":{"line":85,"column":0},"end":{"line":85,"column":44}}},"5":{"name":"diffWordsWithSpace","line":104,"loc":{"start":{"line":104,"column":0},"end":{"line":104,"column":53}}}},"statementMap":{"1":{"start":{"line":4,"column":0},"end":{"line":6,"column":3},"skip":true},"2":{"start":{"line":7,"column":0},"end":{"line":7,"column":30},"skip":true},"3":{"start":{"line":8,"column":0},"end":{"line":8,"column":48},"skip":true},"4":{"start":{"line":9,"column":0},"end":{"line":9,"column":26},"skip":true},"5":{"start":{"line":12,"column":0},"end":{"line":16,"column":1}},"6":{"start":{"line":18,"column":0},"end":{"line":22,"column":1}},"7":{"start":{"line":24,"column":26},"end":{"line":24,"column":121},"skip":true},"8":{"start":{"line":24,"column":65},"end":{"line":24,"column":119},"skip":true},"9":{"start":{"line":45,"column":0},"end":{"line":45,"column":88}},"10":{"start":{"line":46,"column":0},"end":{"line":46,"column":24}},"11":{"start":{"line":47,"column":0},"end":{"line":55,"column":3}},"12":{"start":{"line":58,"column":0},"end":{"line":58,"column":28},"skip":true},"13":{"start":{"line":61,"column":0},"end":{"line":68,"column":2}},"14":{"start":{"line":62,"column":2},"end":{"line":65,"column":3}},"15":{"start":{"line":63,"column":4},"end":{"line":63,"column":30}},"16":{"start":{"line":64,"column":4},"end":{"line":64,"column":32}},"17":{"start":{"line":67,"column":2},"end":{"line":67,"column":114}},"18":{"start":{"line":70,"column":0},"end":{"line":83,"column":2}},"19":{"start":{"line":71,"column":2},"end":{"line":71,"column":62}},"20":{"start":{"line":73,"column":2},"end":{"line":80,"column":3}},"21":{"start":{"line":75,"column":4},"end":{"line":79,"column":5}},"22":{"start":{"line":76,"column":6},"end":{"line":76,"column":33}},"23":{"start":{"line":77,"column":6},"end":{"line":77,"column":30}},"24":{"start":{"line":78,"column":6},"end":{"line":78,"column":10}},"25":{"start":{"line":82,"column":2},"end":{"line":82,"column":16}},"26":{"start":{"line":85,"column":0},"end":{"line":102,"column":1}},"27":{"start":{"line":86,"column":2},"end":{"line":100,"column":5}},"28":{"start":{"line":101,"column":2},"end":{"line":101,"column":48}},"29":{"start":{"line":104,"column":0},"end":{"line":106,"column":1}},"30":{"start":{"line":105,"column":2},"end":{"line":105,"column":48}}},"branchMap":{"1":{"line":24,"type":"cond-expr","locations":[{"start":{"line":24,"column":96},"end":{"line":24,"column":99},"skip":true},{"start":{"line":24,"column":102},"end":{"line":24,"column":118},"skip":true}]},"2":{"line":24,"type":"binary-expr","locations":[{"start":{"line":24,"column":72},"end":{"line":24,"column":75},"skip":true},{"start":{"line":24,"column":79},"end":{"line":24,"column":93},"skip":true}]},"3":{"line":62,"type":"if","locations":[{"start":{"line":62,"column":2},"end":{"line":62,"column":2}},{"start":{"line":62,"column":2},"end":{"line":62,"column":2}}]},"4":{"line":67,"type":"binary-expr","locations":[{"start":{"line":67,"column":9},"end":{"line":67,"column":23}},{"start":{"line":67,"column":27},"end":{"line":67,"column":56}},{"start":{"line":67,"column":60},"end":{"line":67,"column":84}},{"start":{"line":67,"column":88},"end":{"line":67,"column":113}}]},"5":{"line":75,"type":"if","locations":[{"start":{"line":75,"column":4},"end":{"line":75,"column":4}},{"start":{"line":75,"column":4},"end":{"line":75,"column":4}}]},"6":{"line":75,"type":"binary-expr","locations":[{"start":{"line":75,"column":8},"end":{"line":75,"column":22}},{"start":{"line":75,"column":26},"end":{"line":75,"column":39}},{"start":{"line":75,"column":43},"end":{"line":75,"column":76}},{"start":{"line":75,"column":80},"end":{"line":75,"column":117}}]}}},"/Users/osamawh/Desktop/Gradeproof/jsdiff/lib/diff/base.js":{"path":"/Users/osamawh/Desktop/Gradeproof/jsdiff/lib/diff/base.js","s":{"1":1,"2":1,"3":1,"4":1,"5":111,"6":111,"7":111,"8":1,"9":1,"10":111,"11":111,"12":1,"13":110,"14":10,"15":10,"16":10,"17":100,"18":111,"19":110,"20":110,"21":110,"22":110,"23":110,"24":110,"25":110,"26":110,"27":110,"28":23,"29":1,"30":405,"31":16000,"32":16000,"33":16000,"34":15523,"35":16000,"36":16000,"37":168,"38":168,"39":15832,"40":5831,"41":5831,"42":10001,"43":10001,"44":10001,"45":15832,"46":15832,"47":87,"48":15745,"49":318,"50":87,"51":7,"52":24,"53":24,"54":0,"55":24,"56":17,"57":80,"58":381,"59":381,"60":80,"61":15832,"62":15832,"63":13950,"64":1882,"65":15942,"66":15942,"67":12192,"68":12192,"69":12192,"70":15942,"71":472,"72":15942,"73":15942,"74":708,"75":3,"76":705,"77":212,"78":212,"79":38683,"80":23110,"81":212,"82":192,"83":6,"84":338,"85":1,"86":87,"87":87,"88":331,"89":331,"90":237,"91":27,"92":27,"93":50,"94":50,"95":27,"96":210,"97":237,"98":237,"99":145,"100":94,"101":94,"102":94,"103":57,"104":57,"105":57,"106":87,"107":87,"108":2,"109":2,"110":87,"111":1,"112":5831},"b":{"1":[77,34],"2":[111,111],"3":[1,110],"4":[10,100],"5":[23,87],"6":[110,31],"7":[15586,414],"8":[15523,477],"9":[16000,15523],"10":[16000,15586,15586],"11":[168,15832],"12":[16000,502],"13":[5831,10001],"14":[15832,15498,15175],"15":[87,15745],"16":[15832,138],"17":[7,80],"18":[0,24],"19":[17,7],"20":[80,301],"21":[13950,1882],"22":[15832,15796,14309],"23":[28134,27965,27853],"24":[472,15470],"25":[3,705],"26":[705,359,3],"27":[23110,15573],"28":[237,94],"29":[27,210],"30":[237,145],"31":[7,43],"32":[145,92],"33":[57,37],"34":[94,87],"35":[2,85],"36":[87,73,70,44,29]},"f":{"1":7,"2":111,"3":110,"4":10,"5":405,"6":24,"7":24,"8":15832,"9":15942,"10":708,"11":212,"12":192,"13":6,"14":338,"15":87,"16":50,"17":5831},"fnMap":{"1":{"name":"Diff","line":10,"loc":{"start":{"line":10,"column":0},"end":{"line":10,"column":16}}},"2":{"name":"diff","line":16,"loc":{"start":{"line":16,"column":8},"end":{"line":16,"column":44}}},"3":{"name":"done","line":31,"loc":{"start":{"line":31,"column":4},"end":{"line":31,"column":25}}},"4":{"name":"(anonymous_4)","line":33,"loc":{"start":{"line":33,"column":19},"end":{"line":33,"column":31}}},"5":{"name":"execEditLength","line":67,"loc":{"start":{"line":67,"column":4},"end":{"line":67,"column":30}}},"6":{"name":"exec","line":123,"loc":{"start":{"line":123,"column":7},"end":{"line":123,"column":23}}},"7":{"name":"(anonymous_7)","line":124,"loc":{"start":{"line":124,"column":19},"end":{"line":124,"column":31}}},"8":{"name":"pushComponent","line":151,"loc":{"start":{"line":151,"column":17},"end":{"line":151,"column":68}}},"9":{"name":"extractCommon","line":174,"loc":{"start":{"line":174,"column":17},"end":{"line":174,"column":86}}},"10":{"name":"equals","line":200,"loc":{"start":{"line":200,"column":10},"end":{"line":200,"column":39}}},"11":{"name":"removeEmpty","line":211,"loc":{"start":{"line":211,"column":15},"end":{"line":211,"column":43}}},"12":{"name":"castInput","line":226,"loc":{"start":{"line":226,"column":13},"end":{"line":226,"column":39}}},"13":{"name":"tokenize","line":233,"loc":{"start":{"line":233,"column":12},"end":{"line":233,"column":37}}},"14":{"name":"join","line":240,"loc":{"start":{"line":240,"column":8},"end":{"line":240,"column":29}}},"15":{"name":"buildValues","line":245,"loc":{"start":{"line":245,"column":0},"end":{"line":245,"column":78}}},"16":{"name":"(anonymous_16)","line":257,"loc":{"start":{"line":257,"column":26},"end":{"line":257,"column":46}}},"17":{"name":"clonePath","line":298,"loc":{"start":{"line":298,"column":0},"end":{"line":298,"column":25}}}},"statementMap":{"1":{"start":{"line":4,"column":0},"end":{"line":6,"column":3},"skip":true},"2":{"start":{"line":7,"column":0},"end":{"line":7,"column":23},"skip":true},"3":{"start":{"line":10,"column":0},"end":{"line":10,"column":18}},"4":{"start":{"line":12,"column":0},"end":{"line":243,"column":2}},"5":{"start":{"line":18,"column":4},"end":{"line":20,"column":85}},"6":{"start":{"line":21,"column":4},"end":{"line":21,"column":36}},"7":{"start":{"line":23,"column":4},"end":{"line":26,"column":5}},"8":{"start":{"line":24,"column":6},"end":{"line":24,"column":25}},"9":{"start":{"line":25,"column":6},"end":{"line":25,"column":19}},"10":{"start":{"line":28,"column":4},"end":{"line":28,"column":27}},"11":{"start":{"line":29,"column":4},"end":{"line":29,"column":20}},"12":{"start":{"line":31,"column":4},"end":{"line":40,"column":5}},"13":{"start":{"line":32,"column":6},"end":{"line":39,"column":7}},"14":{"start":{"line":33,"column":8},"end":{"line":35,"column":14}},"15":{"start":{"line":34,"column":10},"end":{"line":34,"column":37}},"16":{"start":{"line":36,"column":8},"end":{"line":36,"column":20}},"17":{"start":{"line":38,"column":8},"end":{"line":38,"column":21}},"18":{"start":{"line":43,"column":4},"end":{"line":43,"column":42}},"19":{"start":{"line":44,"column":4},"end":{"line":44,"column":42}},"20":{"start":{"line":45,"column":4},"end":{"line":45,"column":59}},"21":{"start":{"line":46,"column":4},"end":{"line":46,"column":59}},"22":{"start":{"line":47,"column":4},"end":{"line":48,"column":34}},"23":{"start":{"line":49,"column":4},"end":{"line":49,"column":23}},"24":{"start":{"line":50,"column":4},"end":{"line":50,"column":40}},"25":{"start":{"line":51,"column":4},"end":{"line":54,"column":7}},"26":{"start":{"line":56,"column":4},"end":{"line":56,"column":74}},"27":{"start":{"line":58,"column":4},"end":{"line":64,"column":5}},"28":{"start":{"line":60,"column":6},"end":{"line":63,"column":10}},"29":{"start":{"line":67,"column":4},"end":{"line":117,"column":5}},"30":{"start":{"line":68,"column":6},"end":{"line":114,"column":7}},"31":{"start":{"line":69,"column":8},"end":{"line":73,"column":9}},"32":{"start":{"line":75,"column":8},"end":{"line":77,"column":74}},"33":{"start":{"line":79,"column":8},"end":{"line":82,"column":9}},"34":{"start":{"line":81,"column":10},"end":{"line":81,"column":49}},"35":{"start":{"line":84,"column":8},"end":{"line":85,"column":71}},"36":{"start":{"line":87,"column":8},"end":{"line":91,"column":9}},"37":{"start":{"line":89,"column":10},"end":{"line":89,"column":45}},"38":{"start":{"line":90,"column":10},"end":{"line":90,"column":19}},"39":{"start":{"line":96,"column":8},"end":{"line":104,"column":9}},"40":{"start":{"line":97,"column":10},"end":{"line":97,"column":43}},"41":{"start":{"line":98,"column":10},"end":{"line":98,"column":67}},"42":{"start":{"line":100,"column":10},"end":{"line":100,"column":29}},"43":{"start":{"line":102,"column":10},"end":{"line":102,"column":28}},"44":{"start":{"line":103,"column":10},"end":{"line":103,"column":67}},"45":{"start":{"line":106,"column":8},"end":{"line":106,"column":83}},"46":{"start":{"line":108,"column":8},"end":{"line":113,"column":9}},"47":{"start":{"line":109,"column":10},"end":{"line":109,"column":106}},"48":{"start":{"line":112,"column":10},"end":{"line":112,"column":44}},"49":{"start":{"line":116,"column":6},"end":{"line":116,"column":19}},"50":{"start":{"line":122,"column":4},"end":{"line":145,"column":5}},"51":{"start":{"line":123,"column":6},"end":{"line":136,"column":11}},"52":{"start":{"line":124,"column":8},"end":{"line":135,"column":14}},"53":{"start":{"line":128,"column":10},"end":{"line":130,"column":11},"skip":true},"54":{"start":{"line":129,"column":12},"end":{"line":129,"column":30},"skip":true},"55":{"start":{"line":132,"column":10},"end":{"line":134,"column":11}},"56":{"start":{"line":133,"column":12},"end":{"line":133,"column":19}},"57":{"start":{"line":138,"column":6},"end":{"line":144,"column":7}},"58":{"start":{"line":139,"column":8},"end":{"line":139,"column":35}},"59":{"start":{"line":141,"column":8},"end":{"line":143,"column":9}},"60":{"start":{"line":142,"column":10},"end":{"line":142,"column":21}},"61":{"start":{"line":152,"column":4},"end":{"line":152,"column":49}},"62":{"start":{"line":154,"column":4},"end":{"line":168,"column":5}},"63":{"start":{"line":157,"column":6},"end":{"line":161,"column":8}},"64":{"start":{"line":163,"column":6},"end":{"line":167,"column":9}},"65":{"start":{"line":175,"column":4},"end":{"line":179,"column":24}},"66":{"start":{"line":181,"column":4},"end":{"line":185,"column":5}},"67":{"start":{"line":182,"column":6},"end":{"line":182,"column":15}},"68":{"start":{"line":183,"column":6},"end":{"line":183,"column":15}},"69":{"start":{"line":184,"column":6},"end":{"line":184,"column":20}},"70":{"start":{"line":187,"column":4},"end":{"line":191,"column":5}},"71":{"start":{"line":188,"column":6},"end":{"line":190,"column":9}},"72":{"start":{"line":193,"column":4},"end":{"line":193,"column":29}},"73":{"start":{"line":194,"column":4},"end":{"line":194,"column":18}},"74":{"start":{"line":201,"column":4},"end":{"line":205,"column":5}},"75":{"start":{"line":202,"column":6},"end":{"line":202,"column":50}},"76":{"start":{"line":204,"column":6},"end":{"line":204,"column":101}},"77":{"start":{"line":212,"column":4},"end":{"line":212,"column":17}},"78":{"start":{"line":214,"column":4},"end":{"line":218,"column":5}},"79":{"start":{"line":215,"column":6},"end":{"line":217,"column":7}},"80":{"start":{"line":216,"column":8},"end":{"line":216,"column":27}},"81":{"start":{"line":220,"column":4},"end":{"line":220,"column":15}},"82":{"start":{"line":227,"column":4},"end":{"line":227,"column":17}},"83":{"start":{"line":234,"column":4},"end":{"line":234,"column":27}},"84":{"start":{"line":241,"column":4},"end":{"line":241,"column":26}},"85":{"start":{"line":245,"column":0},"end":{"line":296,"column":1}},"86":{"start":{"line":246,"column":2},"end":{"line":249,"column":17}},"87":{"start":{"line":251,"column":2},"end":{"line":283,"column":3}},"88":{"start":{"line":252,"column":4},"end":{"line":252,"column":45}},"89":{"start":{"line":254,"column":4},"end":{"line":282,"column":5}},"90":{"start":{"line":255,"column":6},"end":{"line":264,"column":7}},"91":{"start":{"line":256,"column":8},"end":{"line":256,"column":70}},"92":{"start":{"line":257,"column":8},"end":{"line":260,"column":11}},"93":{"start":{"line":258,"column":10},"end":{"line":258,"column":47}},"94":{"start":{"line":259,"column":10},"end":{"line":259,"column":67}},"95":{"start":{"line":261,"column":8},"end":{"line":261,"column":43}},"96":{"start":{"line":263,"column":8},"end":{"line":263,"column":87}},"97":{"start":{"line":266,"column":6},"end":{"line":266,"column":32}},"98":{"start":{"line":268,"column":6},"end":{"line":270,"column":7}},"99":{"start":{"line":269,"column":8},"end":{"line":269,"column":34}},"100":{"start":{"line":272,"column":6},"end":{"line":272,"column":85}},"101":{"start":{"line":273,"column":6},"end":{"line":273,"column":32}},"102":{"start":{"line":277,"column":6},"end":{"line":281,"column":7}},"103":{"start":{"line":278,"column":8},"end":{"line":278,"column":47}},"104":{"start":{"line":279,"column":8},"end":{"line":279,"column":64}},"105":{"start":{"line":280,"column":8},"end":{"line":280,"column":39}},"106":{"start":{"line":288,"column":2},"end":{"line":288,"column":51}},"107":{"start":{"line":290,"column":2},"end":{"line":293,"column":3}},"108":{"start":{"line":291,"column":4},"end":{"line":291,"column":62}},"109":{"start":{"line":292,"column":4},"end":{"line":292,"column":21}},"110":{"start":{"line":295,"column":2},"end":{"line":295,"column":20}},"111":{"start":{"line":298,"column":0},"end":{"line":303,"column":1}},"112":{"start":{"line":299,"column":2},"end":{"line":302,"column":4}}},"branchMap":{"1":{"line":20,"type":"cond-expr","locations":[{"start":{"line":20,"column":67},"end":{"line":20,"column":79}},{"start":{"line":20,"column":82},"end":{"line":20,"column":84}}]},"2":{"line":20,"type":"binary-expr","locations":[{"start":{"line":20,"column":14},"end":{"line":20,"column":34}},{"start":{"line":20,"column":38},"end":{"line":20,"column":64}}]},"3":{"line":23,"type":"if","locations":[{"start":{"line":23,"column":4},"end":{"line":23,"column":4}},{"start":{"line":23,"column":4},"end":{"line":23,"column":4}}]},"4":{"line":32,"type":"if","locations":[{"start":{"line":32,"column":6},"end":{"line":32,"column":6}},{"start":{"line":32,"column":6},"end":{"line":32,"column":6}}]},"5":{"line":58,"type":"if","locations":[{"start":{"line":58,"column":4},"end":{"line":58,"column":4}},{"start":{"line":58,"column":4},"end":{"line":58,"column":4}}]},"6":{"line":58,"type":"binary-expr","locations":[{"start":{"line":58,"column":8},"end":{"line":58,"column":40}},{"start":{"line":58,"column":44},"end":{"line":58,"column":64}}]},"7":{"line":77,"type":"cond-expr","locations":[{"start":{"line":77,"column":36},"end":{"line":77,"column":53}},{"start":{"line":77,"column":56},"end":{"line":77,"column":57}}]},"8":{"line":79,"type":"if","locations":[{"start":{"line":79,"column":8},"end":{"line":79,"column":8}},{"start":{"line":79,"column":8},"end":{"line":79,"column":8}}]},"9":{"line":84,"type":"binary-expr","locations":[{"start":{"line":84,"column":21},"end":{"line":84,"column":28}},{"start":{"line":84,"column":32},"end":{"line":84,"column":59}}]},"10":{"line":85,"type":"binary-expr","locations":[{"start":{"line":85,"column":24},"end":{"line":85,"column":34}},{"start":{"line":85,"column":38},"end":{"line":85,"column":50}},{"start":{"line":85,"column":54},"end":{"line":85,"column":70}}]},"11":{"line":87,"type":"if","locations":[{"start":{"line":87,"column":8},"end":{"line":87,"column":8}},{"start":{"line":87,"column":8},"end":{"line":87,"column":8}}]},"12":{"line":87,"type":"binary-expr","locations":[{"start":{"line":87,"column":12},"end":{"line":87,"column":19}},{"start":{"line":87,"column":23},"end":{"line":87,"column":33}}]},"13":{"line":96,"type":"if","locations":[{"start":{"line":96,"column":8},"end":{"line":96,"column":8}},{"start":{"line":96,"column":8},"end":{"line":96,"column":8}}]},"14":{"line":96,"type":"binary-expr","locations":[{"start":{"line":96,"column":12},"end":{"line":96,"column":19}},{"start":{"line":96,"column":23},"end":{"line":96,"column":32}},{"start":{"line":96,"column":36},"end":{"line":96,"column":70}}]},"15":{"line":108,"type":"if","locations":[{"start":{"line":108,"column":8},"end":{"line":108,"column":8}},{"start":{"line":108,"column":8},"end":{"line":108,"column":8}}]},"16":{"line":108,"type":"binary-expr","locations":[{"start":{"line":108,"column":12},"end":{"line":108,"column":41}},{"start":{"line":108,"column":45},"end":{"line":108,"column":66}}]},"17":{"line":122,"type":"if","locations":[{"start":{"line":122,"column":4},"end":{"line":122,"column":4}},{"start":{"line":122,"column":4},"end":{"line":122,"column":4}}]},"18":{"line":128,"type":"if","locations":[{"start":{"line":128,"column":10},"end":{"line":128,"column":10},"skip":true},{"start":{"line":128,"column":10},"end":{"line":128,"column":10},"skip":true}]},"19":{"line":132,"type":"if","locations":[{"start":{"line":132,"column":10},"end":{"line":132,"column":10}},{"start":{"line":132,"column":10},"end":{"line":132,"column":10}}]},"20":{"line":141,"type":"if","locations":[{"start":{"line":141,"column":8},"end":{"line":141,"column":8}},{"start":{"line":141,"column":8},"end":{"line":141,"column":8}}]},"21":{"line":154,"type":"if","locations":[{"start":{"line":154,"column":4},"end":{"line":154,"column":4}},{"start":{"line":154,"column":4},"end":{"line":154,"column":4}}]},"22":{"line":154,"type":"binary-expr","locations":[{"start":{"line":154,"column":8},"end":{"line":154,"column":12}},{"start":{"line":154,"column":16},"end":{"line":154,"column":36}},{"start":{"line":154,"column":40},"end":{"line":154,"column":64}}]},"23":{"line":181,"type":"binary-expr","locations":[{"start":{"line":181,"column":11},"end":{"line":181,"column":30}},{"start":{"line":181,"column":34},"end":{"line":181,"column":53}},{"start":{"line":181,"column":57},"end":{"line":181,"column":114}}]},"24":{"line":187,"type":"if","locations":[{"start":{"line":187,"column":4},"end":{"line":187,"column":4}},{"start":{"line":187,"column":4},"end":{"line":187,"column":4}}]},"25":{"line":201,"type":"if","locations":[{"start":{"line":201,"column":4},"end":{"line":201,"column":4}},{"start":{"line":201,"column":4},"end":{"line":201,"column":4}}]},"26":{"line":204,"type":"binary-expr","locations":[{"start":{"line":204,"column":13},"end":{"line":204,"column":27}},{"start":{"line":204,"column":31},"end":{"line":204,"column":54}},{"start":{"line":204,"column":58},"end":{"line":204,"column":100}}]},"27":{"line":215,"type":"if","locations":[{"start":{"line":215,"column":6},"end":{"line":215,"column":6}},{"start":{"line":215,"column":6},"end":{"line":215,"column":6}}]},"28":{"line":254,"type":"if","locations":[{"start":{"line":254,"column":4},"end":{"line":254,"column":4}},{"start":{"line":254,"column":4},"end":{"line":254,"column":4}}]},"29":{"line":255,"type":"if","locations":[{"start":{"line":255,"column":6},"end":{"line":255,"column":6}},{"start":{"line":255,"column":6},"end":{"line":255,"column":6}}]},"30":{"line":255,"type":"binary-expr","locations":[{"start":{"line":255,"column":10},"end":{"line":255,"column":26}},{"start":{"line":255,"column":30},"end":{"line":255,"column":45}}]},"31":{"line":259,"type":"cond-expr","locations":[{"start":{"line":259,"column":50},"end":{"line":259,"column":58}},{"start":{"line":259,"column":61},"end":{"line":259,"column":66}}]},"32":{"line":268,"type":"if","locations":[{"start":{"line":268,"column":6},"end":{"line":268,"column":6}},{"start":{"line":268,"column":6},"end":{"line":268,"column":6}}]},"33":{"line":277,"type":"if","locations":[{"start":{"line":277,"column":6},"end":{"line":277,"column":6}},{"start":{"line":277,"column":6},"end":{"line":277,"column":6}}]},"34":{"line":277,"type":"binary-expr","locations":[{"start":{"line":277,"column":10},"end":{"line":277,"column":22}},{"start":{"line":277,"column":26},"end":{"line":277,"column":60}}]},"35":{"line":290,"type":"if","locations":[{"start":{"line":290,"column":2},"end":{"line":290,"column":2}},{"start":{"line":290,"column":2},"end":{"line":290,"column":2}}]},"36":{"line":290,"type":"binary-expr","locations":[{"start":{"line":290,"column":6},"end":{"line":290,"column":22}},{"start":{"line":290,"column":26},"end":{"line":290,"column":65}},{"start":{"line":290,"column":70},"end":{"line":290,"column":89}},{"start":{"line":290,"column":93},"end":{"line":290,"column":114}},{"start":{"line":290,"column":119},"end":{"line":290,"column":155}}]}}},"/Users/osamawh/Desktop/Gradeproof/jsdiff/lib/util/params.js":{"path":"/Users/osamawh/Desktop/Gradeproof/jsdiff/lib/util/params.js","s":{"1":1,"2":1,"3":1,"4":41,"5":9,"6":32,"7":1,"8":1,"9":1,"10":41},"b":{"1":[9,32],"2":[1,31],"3":[1,0]},"f":{"1":41},"fnMap":{"1":{"name":"generateOptions","line":10,"loc":{"start":{"line":10,"column":0},"end":{"line":10,"column":44}}}},"statementMap":{"1":{"start":{"line":4,"column":0},"end":{"line":6,"column":3},"skip":true},"2":{"start":{"line":7,"column":0},"end":{"line":7,"column":42},"skip":true},"3":{"start":{"line":10,"column":0},"end":{"line":23,"column":1}},"4":{"start":{"line":11,"column":2},"end":{"line":20,"column":3}},"5":{"start":{"line":12,"column":4},"end":{"line":12,"column":32}},"6":{"start":{"line":13,"column":9},"end":{"line":20,"column":3}},"7":{"start":{"line":14,"column":4},"end":{"line":19,"column":5}},"8":{"start":{"line":16,"column":6},"end":{"line":18,"column":7}},"9":{"start":{"line":17,"column":8},"end":{"line":17,"column":39}},"10":{"start":{"line":22,"column":2},"end":{"line":22,"column":18}}},"branchMap":{"1":{"line":11,"type":"if","locations":[{"start":{"line":11,"column":2},"end":{"line":11,"column":2}},{"start":{"line":11,"column":2},"end":{"line":11,"column":2}}]},"2":{"line":13,"type":"if","locations":[{"start":{"line":13,"column":9},"end":{"line":13,"column":9}},{"start":{"line":13,"column":9},"end":{"line":13,"column":9}}]},"3":{"line":16,"type":"if","locations":[{"start":{"line":16,"column":6},"end":{"line":16,"column":6}},{"start":{"line":16,"column":6},"end":{"line":16,"column":6},"skip":true}]}}},"/Users/osamawh/Desktop/Gradeproof/jsdiff/lib/diff/array.js":{"path":"/Users/osamawh/Desktop/Gradeproof/jsdiff/lib/diff/array.js","s":{"1":1,"2":1,"3":1,"4":1,"5":1,"6":1,"7":1,"8":1,"9":1,"10":10,"11":1,"12":26,"13":1,"14":5},"b":{"1":[1,0],"2":[1,1]},"f":{"1":1,"2":10,"3":26,"4":5},"fnMap":{"1":{"name":"_interopRequireDefault","line":17,"loc":{"start":{"line":17,"column":26},"end":{"line":17,"column":63}},"skip":true},"2":{"name":"(anonymous_2)","line":34,"loc":{"start":{"line":34,"column":21},"end":{"line":34,"column":38}}},"3":{"name":"(anonymous_3)","line":38,"loc":{"start":{"line":38,"column":41},"end":{"line":38,"column":58}}},"4":{"name":"diffArrays","line":42,"loc":{"start":{"line":42,"column":0},"end":{"line":42,"column":46}}}},"statementMap":{"1":{"start":{"line":4,"column":0},"end":{"line":6,"column":3},"skip":true},"2":{"start":{"line":7,"column":0},"end":{"line":7,"column":32},"skip":true},"3":{"start":{"line":8,"column":0},"end":{"line":8,"column":27},"skip":true},"4":{"start":{"line":11,"column":0},"end":{"line":15,"column":1}},"5":{"start":{"line":17,"column":26},"end":{"line":17,"column":121},"skip":true},"6":{"start":{"line":17,"column":65},"end":{"line":17,"column":119},"skip":true},"7":{"start":{"line":20,"column":0},"end":{"line":28,"column":3}},"8":{"start":{"line":31,"column":0},"end":{"line":31,"column":30},"skip":true},"9":{"start":{"line":34,"column":0},"end":{"line":36,"column":2}},"10":{"start":{"line":35,"column":2},"end":{"line":35,"column":23}},"11":{"start":{"line":38,"column":0},"end":{"line":40,"column":2}},"12":{"start":{"line":39,"column":2},"end":{"line":39,"column":15}},"13":{"start":{"line":42,"column":0},"end":{"line":44,"column":1}},"14":{"start":{"line":43,"column":2},"end":{"line":43,"column":50}}},"branchMap":{"1":{"line":17,"type":"cond-expr","locations":[{"start":{"line":17,"column":96},"end":{"line":17,"column":99},"skip":true},{"start":{"line":17,"column":102},"end":{"line":17,"column":118},"skip":true}]},"2":{"line":17,"type":"binary-expr","locations":[{"start":{"line":17,"column":72},"end":{"line":17,"column":75},"skip":true},{"start":{"line":17,"column":79},"end":{"line":17,"column":93},"skip":true}]}}},"/Users/osamawh/Desktop/Gradeproof/jsdiff/lib/diff/character.js":{"path":"/Users/osamawh/Desktop/Gradeproof/jsdiff/lib/diff/character.js","s":{"1":1,"2":1,"3":1,"4":1,"5":1,"6":1,"7":1,"8":1,"9":1,"10":3},"b":{"1":[1,0],"2":[1,1]},"f":{"1":1,"2":3},"fnMap":{"1":{"name":"_interopRequireDefault","line":17,"loc":{"start":{"line":17,"column":26},"end":{"line":17,"column":63}},"skip":true},"2":{"name":"diffChars","line":34,"loc":{"start":{"line":34,"column":0},"end":{"line":34,"column":44}}}},"statementMap":{"1":{"start":{"line":4,"column":0},"end":{"line":6,"column":3},"skip":true},"2":{"start":{"line":7,"column":0},"end":{"line":7,"column":30},"skip":true},"3":{"start":{"line":8,"column":0},"end":{"line":8,"column":31},"skip":true},"4":{"start":{"line":11,"column":0},"end":{"line":15,"column":1}},"5":{"start":{"line":17,"column":26},"end":{"line":17,"column":121},"skip":true},"6":{"start":{"line":17,"column":65},"end":{"line":17,"column":119},"skip":true},"7":{"start":{"line":20,"column":0},"end":{"line":28,"column":3}},"8":{"start":{"line":31,"column":0},"end":{"line":31,"column":38},"skip":true},"9":{"start":{"line":34,"column":0},"end":{"line":36,"column":1}},"10":{"start":{"line":35,"column":2},"end":{"line":35,"column":53}}},"branchMap":{"1":{"line":17,"type":"cond-expr","locations":[{"start":{"line":17,"column":96},"end":{"line":17,"column":99},"skip":true},{"start":{"line":17,"column":102},"end":{"line":17,"column":118},"skip":true}]},"2":{"line":17,"type":"binary-expr","locations":[{"start":{"line":17,"column":72},"end":{"line":17,"column":75},"skip":true},{"start":{"line":17,"column":79},"end":{"line":17,"column":93},"skip":true}]}}},"/Users/osamawh/Desktop/Gradeproof/jsdiff/lib/convert/xml.js":{"path":"/Users/osamawh/Desktop/Gradeproof/jsdiff/lib/convert/xml.js","s":{"1":1,"2":1,"3":1,"4":54,"5":54,"6":152,"7":152,"8":43,"9":109,"10":36,"11":152,"12":152,"13":43,"14":109,"15":36,"16":54,"17":1,"18":152,"19":152,"20":152,"21":152,"22":152,"23":152},"b":{"1":[43,109],"2":[36,73],"3":[43,109],"4":[36,73]},"f":{"1":54,"2":152},"fnMap":{"1":{"name":"convertChangesToXML","line":10,"loc":{"start":{"line":10,"column":0},"end":{"line":10,"column":38}}},"2":{"name":"escapeHTML","line":34,"loc":{"start":{"line":34,"column":0},"end":{"line":34,"column":23}}}},"statementMap":{"1":{"start":{"line":4,"column":0},"end":{"line":6,"column":3},"skip":true},"2":{"start":{"line":7,"column":0},"end":{"line":7,"column":50},"skip":true},"3":{"start":{"line":10,"column":0},"end":{"line":32,"column":1}},"4":{"start":{"line":11,"column":2},"end":{"line":11,"column":15}},"5":{"start":{"line":13,"column":2},"end":{"line":29,"column":3}},"6":{"start":{"line":14,"column":4},"end":{"line":14,"column":28}},"7":{"start":{"line":16,"column":4},"end":{"line":20,"column":5}},"8":{"start":{"line":17,"column":6},"end":{"line":17,"column":24}},"9":{"start":{"line":18,"column":11},"end":{"line":20,"column":5}},"10":{"start":{"line":19,"column":6},"end":{"line":19,"column":24}},"11":{"start":{"line":22,"column":4},"end":{"line":22,"column":39}},"12":{"start":{"line":24,"column":4},"end":{"line":28,"column":5}},"13":{"start":{"line":25,"column":6},"end":{"line":25,"column":25}},"14":{"start":{"line":26,"column":11},"end":{"line":28,"column":5}},"15":{"start":{"line":27,"column":6},"end":{"line":27,"column":25}},"16":{"start":{"line":31,"column":2},"end":{"line":31,"column":22}},"17":{"start":{"line":34,"column":0},"end":{"line":41,"column":1}},"18":{"start":{"line":35,"column":2},"end":{"line":35,"column":12}},"19":{"start":{"line":36,"column":2},"end":{"line":36,"column":31}},"20":{"start":{"line":37,"column":2},"end":{"line":37,"column":30}},"21":{"start":{"line":38,"column":2},"end":{"line":38,"column":30}},"22":{"start":{"line":39,"column":2},"end":{"line":39,"column":32}},"23":{"start":{"line":40,"column":2},"end":{"line":40,"column":11}}},"branchMap":{"1":{"line":16,"type":"if","locations":[{"start":{"line":16,"column":4},"end":{"line":16,"column":4}},{"start":{"line":16,"column":4},"end":{"line":16,"column":4}}]},"2":{"line":18,"type":"if","locations":[{"start":{"line":18,"column":11},"end":{"line":18,"column":11}},{"start":{"line":18,"column":11},"end":{"line":18,"column":11}}]},"3":{"line":24,"type":"if","locations":[{"start":{"line":24,"column":4},"end":{"line":24,"column":4}},{"start":{"line":24,"column":4},"end":{"line":24,"column":4}}]},"4":{"line":26,"type":"if","locations":[{"start":{"line":26,"column":11},"end":{"line":26,"column":11}},{"start":{"line":26,"column":11},"end":{"line":26,"column":11}}]}}},"/Users/osamawh/Desktop/Gradeproof/jsdiff/lib/diff/css.js":{"path":"/Users/osamawh/Desktop/Gradeproof/jsdiff/lib/diff/css.js","s":{"1":1,"2":1,"3":1,"4":1,"5":1,"6":1,"7":1,"8":1,"9":1,"10":2,"11":1,"12":1},"b":{"1":[1,0],"2":[1,1]},"f":{"1":1,"2":2,"3":1},"fnMap":{"1":{"name":"_interopRequireDefault","line":17,"loc":{"start":{"line":17,"column":26},"end":{"line":17,"column":63}},"skip":true},"2":{"name":"(anonymous_2)","line":34,"loc":{"start":{"line":34,"column":19},"end":{"line":34,"column":36}}},"3":{"name":"diffCss","line":38,"loc":{"start":{"line":38,"column":0},"end":{"line":38,"column":43}}}},"statementMap":{"1":{"start":{"line":4,"column":0},"end":{"line":6,"column":3},"skip":true},"2":{"start":{"line":7,"column":0},"end":{"line":7,"column":26},"skip":true},"3":{"start":{"line":8,"column":0},"end":{"line":8,"column":25},"skip":true},"4":{"start":{"line":11,"column":0},"end":{"line":15,"column":1}},"5":{"start":{"line":17,"column":26},"end":{"line":17,"column":121},"skip":true},"6":{"start":{"line":17,"column":65},"end":{"line":17,"column":119},"skip":true},"7":{"start":{"line":20,"column":0},"end":{"line":28,"column":3}},"8":{"start":{"line":31,"column":0},"end":{"line":31,"column":26},"skip":true},"9":{"start":{"line":34,"column":0},"end":{"line":36,"column":2}},"10":{"start":{"line":35,"column":2},"end":{"line":35,"column":38}},"11":{"start":{"line":38,"column":0},"end":{"line":40,"column":1}},"12":{"start":{"line":39,"column":2},"end":{"line":39,"column":48}}},"branchMap":{"1":{"line":17,"type":"cond-expr","locations":[{"start":{"line":17,"column":96},"end":{"line":17,"column":99},"skip":true},{"start":{"line":17,"column":102},"end":{"line":17,"column":118},"skip":true}]},"2":{"line":17,"type":"binary-expr","locations":[{"start":{"line":17,"column":72},"end":{"line":17,"column":75},"skip":true},{"start":{"line":17,"column":79},"end":{"line":17,"column":93},"skip":true}]}}},"/Users/osamawh/Desktop/Gradeproof/jsdiff/lib/diff/json.js":{"path":"/Users/osamawh/Desktop/Gradeproof/jsdiff/lib/diff/json.js","s":{"1":1,"2":1,"3":1,"4":1,"5":1,"6":1,"7":1,"8":1,"9":1,"10":1,"11":1,"12":105,"13":0,"14":0,"15":1,"16":1,"17":1,"18":1,"19":1,"20":1,"21":1,"22":29,"23":159,"24":29,"25":1,"26":85,"27":1,"28":15,"29":1,"30":111,"31":111,"32":111,"33":93,"34":111,"35":111,"36":100,"37":2,"38":109,"39":109,"40":4,"41":4,"42":4,"43":4,"44":10,"45":4,"46":4,"47":4,"48":105,"49":5,"50":105,"51":36,"52":36,"53":36,"54":36,"55":36,"56":70,"57":70,"58":36,"59":36,"60":70,"61":70,"62":36,"63":36,"64":69,"65":105},"b":{"1":[1,0],"2":[1,1],"3":[1,0],"4":[1,1],"5":[0,0],"6":[0,0,0,0],"7":[23,6],"8":[3,156],"9":[2,27],"10":[111,31],"11":[111,31],"12":[93,18],"13":[2,98],"14":[4,105],"15":[5,100],"16":[105,102],"17":[36,69],"18":[105,38],"19":[70,0]},"f":{"1":1,"2":1,"3":105,"4":0,"5":29,"6":159,"7":85,"8":15,"9":111},"fnMap":{"1":{"name":"_interopRequireDefault","line":24,"loc":{"start":{"line":24,"column":26},"end":{"line":24,"column":63}},"skip":true},"2":{"name":"_typeof","line":26,"loc":{"start":{"line":26,"column":0},"end":{"line":26,"column":22}},"skip":true},"3":{"name":"_typeof","line":26,"loc":{"start":{"line":26,"column":109},"end":{"line":26,"column":131}},"skip":true},"4":{"name":"_typeof","line":26,"loc":{"start":{"line":26,"column":174},"end":{"line":26,"column":196}},"skip":true},"5":{"name":"(anonymous_5)","line":56,"loc":{"start":{"line":56,"column":21},"end":{"line":56,"column":38}}},"6":{"name":"(anonymous_6)","line":63,"loc":{"start":{"line":63,"column":61},"end":{"line":65,"column":2}}},"7":{"name":"(anonymous_7)","line":74,"loc":{"start":{"line":74,"column":18},"end":{"line":74,"column":41}}},"8":{"name":"diffJson","line":87,"loc":{"start":{"line":87,"column":0},"end":{"line":87,"column":43}}},"9":{"name":"canonicalize","line":93,"loc":{"start":{"line":93,"column":0},"end":{"line":93,"column":67}}}},"statementMap":{"1":{"start":{"line":4,"column":0},"end":{"line":6,"column":3},"skip":true},"2":{"start":{"line":7,"column":0},"end":{"line":7,"column":28},"skip":true},"3":{"start":{"line":8,"column":0},"end":{"line":8,"column":36},"skip":true},"4":{"start":{"line":9,"column":0},"end":{"line":9,"column":26},"skip":true},"5":{"start":{"line":12,"column":0},"end":{"line":16,"column":1}},"6":{"start":{"line":18,"column":0},"end":{"line":22,"column":1}},"7":{"start":{"line":24,"column":26},"end":{"line":24,"column":121},"skip":true},"8":{"start":{"line":24,"column":65},"end":{"line":24,"column":119},"skip":true},"9":{"start":{"line":26,"column":0},"end":{"line":26,"column":351},"skip":true},"10":{"start":{"line":26,"column":24},"end":{"line":26,"column":328},"skip":true},"11":{"start":{"line":26,"column":99},"end":{"line":26,"column":154},"skip":true},"12":{"start":{"line":26,"column":133},"end":{"line":26,"column":151},"skip":true},"13":{"start":{"line":26,"column":164},"end":{"line":26,"column":326},"skip":true},"14":{"start":{"line":26,"column":198},"end":{"line":26,"column":323},"skip":true},"15":{"start":{"line":26,"column":329},"end":{"line":26,"column":349},"skip":true},"16":{"start":{"line":29,"column":0},"end":{"line":29,"column":56}},"17":{"start":{"line":30,"column":0},"end":{"line":38,"column":3}},"18":{"start":{"line":42,"column":0},"end":{"line":42,"column":28},"skip":true},"19":{"start":{"line":45,"column":0},"end":{"line":45,"column":32}},"20":{"start":{"line":46,"column":0},"end":{"line":54,"column":10}},"21":{"start":{"line":56,"column":0},"end":{"line":72,"column":2}},"22":{"start":{"line":58,"column":2},"end":{"line":70,"column":28}},"23":{"start":{"line":66,"column":4},"end":{"line":69,"column":6}},"24":{"start":{"line":71,"column":2},"end":{"line":71,"column":137}},"25":{"start":{"line":74,"column":0},"end":{"line":85,"column":2}},"26":{"start":{"line":75,"column":2},"end":{"line":84,"column":4}},"27":{"start":{"line":87,"column":0},"end":{"line":89,"column":1}},"28":{"start":{"line":88,"column":2},"end":{"line":88,"column":48}},"29":{"start":{"line":93,"column":0},"end":{"line":162,"column":1}},"30":{"start":{"line":94,"column":2},"end":{"line":94,"column":22}},"31":{"start":{"line":95,"column":2},"end":{"line":95,"column":44}},"32":{"start":{"line":97,"column":2},"end":{"line":99,"column":3}},"33":{"start":{"line":98,"column":4},"end":{"line":98,"column":29}},"34":{"start":{"line":101,"column":2},"end":{"line":101,"column":8}},"35":{"start":{"line":103,"column":2},"end":{"line":107,"column":3}},"36":{"start":{"line":104,"column":4},"end":{"line":106,"column":5}},"37":{"start":{"line":105,"column":6},"end":{"line":105,"column":33}},"38":{"start":{"line":109,"column":2},"end":{"line":109,"column":23}},"39":{"start":{"line":111,"column":2},"end":{"line":123,"column":3}},"40":{"start":{"line":112,"column":4},"end":{"line":112,"column":20}},"41":{"start":{"line":113,"column":4},"end":{"line":113,"column":45}},"42":{"start":{"line":114,"column":4},"end":{"line":114,"column":44}},"43":{"start":{"line":116,"column":4},"end":{"line":118,"column":5}},"44":{"start":{"line":117,"column":6},"end":{"line":117,"column":89}},"45":{"start":{"line":120,"column":4},"end":{"line":120,"column":16}},"46":{"start":{"line":121,"column":4},"end":{"line":121,"column":27}},"47":{"start":{"line":122,"column":4},"end":{"line":122,"column":28}},"48":{"start":{"line":125,"column":2},"end":{"line":127,"column":3}},"49":{"start":{"line":126,"column":4},"end":{"line":126,"column":23}},"50":{"start":{"line":129,"column":2},"end":{"line":159,"column":3}},"51":{"start":{"line":134,"column":4},"end":{"line":134,"column":20}},"52":{"start":{"line":135,"column":4},"end":{"line":135,"column":26}},"53":{"start":{"line":136,"column":4},"end":{"line":136,"column":44}},"54":{"start":{"line":138,"column":4},"end":{"line":139,"column":13}},"55":{"start":{"line":141,"column":4},"end":{"line":146,"column":5}},"56":{"start":{"line":143,"column":6},"end":{"line":145,"column":7}},"57":{"start":{"line":144,"column":8},"end":{"line":144,"column":30}},"58":{"start":{"line":148,"column":4},"end":{"line":148,"column":22}},"59":{"start":{"line":150,"column":4},"end":{"line":153,"column":5}},"60":{"start":{"line":151,"column":6},"end":{"line":151,"column":27}},"61":{"start":{"line":152,"column":6},"end":{"line":152,"column":96}},"62":{"start":{"line":155,"column":4},"end":{"line":155,"column":16}},"63":{"start":{"line":156,"column":4},"end":{"line":156,"column":27}},"64":{"start":{"line":158,"column":4},"end":{"line":158,"column":27}},"65":{"start":{"line":161,"column":2},"end":{"line":161,"column":26}}},"branchMap":{"1":{"line":24,"type":"cond-expr","locations":[{"start":{"line":24,"column":96},"end":{"line":24,"column":99},"skip":true},{"start":{"line":24,"column":102},"end":{"line":24,"column":118},"skip":true}]},"2":{"line":24,"type":"binary-expr","locations":[{"start":{"line":24,"column":72},"end":{"line":24,"column":75},"skip":true},{"start":{"line":24,"column":79},"end":{"line":24,"column":93},"skip":true}]},"3":{"line":26,"type":"if","locations":[{"start":{"line":26,"column":24},"end":{"line":26,"column":24},"skip":true},{"start":{"line":26,"column":24},"end":{"line":26,"column":24},"skip":true}]},"4":{"line":26,"type":"binary-expr","locations":[{"start":{"line":26,"column":28},"end":{"line":26,"column":56},"skip":true},{"start":{"line":26,"column":60},"end":{"line":26,"column":95},"skip":true}]},"5":{"line":26,"type":"cond-expr","locations":[{"start":{"line":26,"column":301},"end":{"line":26,"column":309},"skip":true},{"start":{"line":26,"column":312},"end":{"line":26,"column":322},"skip":true}]},"6":{"line":26,"type":"binary-expr","locations":[{"start":{"line":26,"column":205},"end":{"line":26,"column":208},"skip":true},{"start":{"line":26,"column":212},"end":{"line":26,"column":240},"skip":true},{"start":{"line":26,"column":244},"end":{"line":26,"column":270},"skip":true},{"start":{"line":26,"column":274},"end":{"line":26,"column":298},"skip":true}]},"7":{"line":63,"type":"cond-expr","locations":[{"start":{"line":63,"column":61},"end":{"line":70,"column":3}},{"start":{"line":70,"column":6},"end":{"line":70,"column":27}}]},"8":{"line":68,"type":"cond-expr","locations":[{"start":{"line":68,"column":33},"end":{"line":68,"column":53}},{"start":{"line":68,"column":56},"end":{"line":68,"column":57}}]},"9":{"line":71,"type":"cond-expr","locations":[{"start":{"line":71,"column":37},"end":{"line":71,"column":42}},{"start":{"line":71,"column":45},"end":{"line":71,"column":136}}]},"10":{"line":94,"type":"binary-expr","locations":[{"start":{"line":94,"column":10},"end":{"line":94,"column":15}},{"start":{"line":94,"column":19},"end":{"line":94,"column":21}}]},"11":{"line":95,"type":"binary-expr","locations":[{"start":{"line":95,"column":21},"end":{"line":95,"column":37}},{"start":{"line":95,"column":41},"end":{"line":95,"column":43}}]},"12":{"line":97,"type":"if","locations":[{"start":{"line":97,"column":2},"end":{"line":97,"column":2}},{"start":{"line":97,"column":2},"end":{"line":97,"column":2}}]},"13":{"line":104,"type":"if","locations":[{"start":{"line":104,"column":4},"end":{"line":104,"column":4}},{"start":{"line":104,"column":4},"end":{"line":104,"column":4}}]},"14":{"line":111,"type":"if","locations":[{"start":{"line":111,"column":2},"end":{"line":111,"column":2}},{"start":{"line":111,"column":2},"end":{"line":111,"column":2}}]},"15":{"line":125,"type":"if","locations":[{"start":{"line":125,"column":2},"end":{"line":125,"column":2}},{"start":{"line":125,"column":2},"end":{"line":125,"column":2}}]},"16":{"line":125,"type":"binary-expr","locations":[{"start":{"line":125,"column":6},"end":{"line":125,"column":9}},{"start":{"line":125,"column":13},"end":{"line":125,"column":23}}]},"17":{"line":129,"type":"if","locations":[{"start":{"line":129,"column":2},"end":{"line":129,"column":2}},{"start":{"line":129,"column":2},"end":{"line":129,"column":2}}]},"18":{"line":131,"type":"binary-expr","locations":[{"start":{"line":131,"column":2},"end":{"line":133,"column":19}},{"start":{"line":133,"column":23},"end":{"line":133,"column":35}}]},"19":{"line":143,"type":"if","locations":[{"start":{"line":143,"column":6},"end":{"line":143,"column":6}},{"start":{"line":143,"column":6},"end":{"line":143,"column":6},"skip":true}]}}},"/Users/osamawh/Desktop/Gradeproof/jsdiff/lib/diff/line.js":{"path":"/Users/osamawh/Desktop/Gradeproof/jsdiff/lib/diff/line.js","s":{"1":1,"2":1,"3":1,"4":1,"5":1,"6":1,"7":1,"8":1,"9":1,"10":1,"11":1,"12":100,"13":100,"14":28,"15":100,"16":1268,"17":1268,"18":596,"19":672,"20":24,"21":672,"22":100,"23":1,"24":32,"25":1,"26":4,"27":4},"b":{"1":[1,0],"2":[1,1],"3":[28,72],"4":[596,672],"5":[1268,598],"6":[24,648]},"f":{"1":1,"2":100,"3":32,"4":4},"fnMap":{"1":{"name":"_interopRequireDefault","line":24,"loc":{"start":{"line":24,"column":26},"end":{"line":24,"column":63}},"skip":true},"2":{"name":"(anonymous_2)","line":41,"loc":{"start":{"line":41,"column":20},"end":{"line":41,"column":37}}},"3":{"name":"diffLines","line":67,"loc":{"start":{"line":67,"column":0},"end":{"line":67,"column":45}}},"4":{"name":"diffTrimmedLines","line":71,"loc":{"start":{"line":71,"column":0},"end":{"line":71,"column":52}}}},"statementMap":{"1":{"start":{"line":4,"column":0},"end":{"line":6,"column":3},"skip":true},"2":{"start":{"line":7,"column":0},"end":{"line":7,"column":30},"skip":true},"3":{"start":{"line":8,"column":0},"end":{"line":8,"column":44},"skip":true},"4":{"start":{"line":9,"column":0},"end":{"line":9,"column":26},"skip":true},"5":{"start":{"line":12,"column":0},"end":{"line":16,"column":1}},"6":{"start":{"line":18,"column":0},"end":{"line":22,"column":1}},"7":{"start":{"line":24,"column":26},"end":{"line":24,"column":121},"skip":true},"8":{"start":{"line":24,"column":65},"end":{"line":24,"column":119},"skip":true},"9":{"start":{"line":27,"column":0},"end":{"line":35,"column":3}},"10":{"start":{"line":38,"column":0},"end":{"line":38,"column":28},"skip":true},"11":{"start":{"line":41,"column":0},"end":{"line":65,"column":2}},"12":{"start":{"line":42,"column":2},"end":{"line":43,"column":50}},"13":{"start":{"line":45,"column":2},"end":{"line":47,"column":3}},"14":{"start":{"line":46,"column":4},"end":{"line":46,"column":27}},"15":{"start":{"line":50,"column":2},"end":{"line":62,"column":3}},"16":{"start":{"line":51,"column":4},"end":{"line":51,"column":35}},"17":{"start":{"line":53,"column":4},"end":{"line":61,"column":5}},"18":{"start":{"line":54,"column":6},"end":{"line":54,"column":44}},"19":{"start":{"line":56,"column":6},"end":{"line":58,"column":7}},"20":{"start":{"line":57,"column":8},"end":{"line":57,"column":27}},"21":{"start":{"line":60,"column":6},"end":{"line":60,"column":26}},"22":{"start":{"line":64,"column":2},"end":{"line":64,"column":18}},"23":{"start":{"line":67,"column":0},"end":{"line":69,"column":1}},"24":{"start":{"line":68,"column":2},"end":{"line":68,"column":49}},"25":{"start":{"line":71,"column":0},"end":{"line":88,"column":1}},"26":{"start":{"line":72,"column":2},"end":{"line":86,"column":5}},"27":{"start":{"line":87,"column":2},"end":{"line":87,"column":48}}},"branchMap":{"1":{"line":24,"type":"cond-expr","locations":[{"start":{"line":24,"column":96},"end":{"line":24,"column":99},"skip":true},{"start":{"line":24,"column":102},"end":{"line":24,"column":118},"skip":true}]},"2":{"line":24,"type":"binary-expr","locations":[{"start":{"line":24,"column":72},"end":{"line":24,"column":75},"skip":true},{"start":{"line":24,"column":79},"end":{"line":24,"column":93},"skip":true}]},"3":{"line":45,"type":"if","locations":[{"start":{"line":45,"column":2},"end":{"line":45,"column":2}},{"start":{"line":45,"column":2},"end":{"line":45,"column":2}}]},"4":{"line":53,"type":"if","locations":[{"start":{"line":53,"column":4},"end":{"line":53,"column":4}},{"start":{"line":53,"column":4},"end":{"line":53,"column":4}}]},"5":{"line":53,"type":"binary-expr","locations":[{"start":{"line":53,"column":8},"end":{"line":53,"column":13}},{"start":{"line":53,"column":17},"end":{"line":53,"column":45}}]},"6":{"line":56,"type":"if","locations":[{"start":{"line":56,"column":6},"end":{"line":56,"column":6}},{"start":{"line":56,"column":6},"end":{"line":56,"column":6}}]}}},"/Users/osamawh/Desktop/Gradeproof/jsdiff/lib/diff/sentence.js":{"path":"/Users/osamawh/Desktop/Gradeproof/jsdiff/lib/diff/sentence.js","s":{"1":1,"2":1,"3":1,"4":1,"5":1,"6":1,"7":1,"8":1,"9":1,"10":4,"11":1,"12":2},"b":{"1":[1,0],"2":[1,1]},"f":{"1":1,"2":4,"3":2},"fnMap":{"1":{"name":"_interopRequireDefault","line":17,"loc":{"start":{"line":17,"column":26},"end":{"line":17,"column":63}},"skip":true},"2":{"name":"(anonymous_2)","line":34,"loc":{"start":{"line":34,"column":24},"end":{"line":34,"column":41}}},"3":{"name":"diffSentences","line":38,"loc":{"start":{"line":38,"column":0},"end":{"line":38,"column":49}}}},"statementMap":{"1":{"start":{"line":4,"column":0},"end":{"line":6,"column":3},"skip":true},"2":{"start":{"line":7,"column":0},"end":{"line":7,"column":38},"skip":true},"3":{"start":{"line":8,"column":0},"end":{"line":8,"column":30},"skip":true},"4":{"start":{"line":11,"column":0},"end":{"line":15,"column":1}},"5":{"start":{"line":17,"column":26},"end":{"line":17,"column":121},"skip":true},"6":{"start":{"line":17,"column":65},"end":{"line":17,"column":119},"skip":true},"7":{"start":{"line":20,"column":0},"end":{"line":28,"column":3}},"8":{"start":{"line":31,"column":0},"end":{"line":31,"column":36},"skip":true},"9":{"start":{"line":34,"column":0},"end":{"line":36,"column":2}},"10":{"start":{"line":35,"column":2},"end":{"line":35,"column":46}},"11":{"start":{"line":38,"column":0},"end":{"line":40,"column":1}},"12":{"start":{"line":39,"column":2},"end":{"line":39,"column":53}}},"branchMap":{"1":{"line":17,"type":"cond-expr","locations":[{"start":{"line":17,"column":96},"end":{"line":17,"column":99},"skip":true},{"start":{"line":17,"column":102},"end":{"line":17,"column":118},"skip":true}]},"2":{"line":17,"type":"binary-expr","locations":[{"start":{"line":17,"column":72},"end":{"line":17,"column":75},"skip":true},{"start":{"line":17,"column":79},"end":{"line":17,"column":93},"skip":true}]}}},"/Users/osamawh/Desktop/Gradeproof/jsdiff/lib/index.js":{"path":"/Users/osamawh/Desktop/Gradeproof/jsdiff/lib/index.js","s":{"1":1,"2":1,"3":1,"4":1,"5":1,"6":1,"7":2,"8":1,"9":1,"10":1,"11":1,"12":1,"13":1,"14":1,"15":1,"16":1,"17":1,"18":1,"19":1,"20":1,"21":1,"22":1,"23":1,"24":1,"25":1,"26":1,"27":1,"28":1,"29":1,"30":1,"31":0,"32":1,"33":1,"34":1,"35":1,"36":1,"37":1,"38":1,"39":1,"40":1,"41":1,"42":1,"43":1,"44":1,"45":1,"46":1,"47":1,"48":1,"49":1,"50":1,"51":1,"52":1,"53":1,"54":1,"55":1,"56":1,"57":1},"b":{"1":[1,0],"2":[1,1]},"f":{"1":1,"2":1,"3":2,"4":1,"5":1,"6":1,"7":1,"8":1,"9":1,"10":1,"11":1,"12":1,"13":1,"14":1,"15":0,"16":1,"17":1,"18":1,"19":1,"20":1,"21":1},"fnMap":{"1":{"name":"get","line":9,"loc":{"start":{"line":9,"column":7},"end":{"line":9,"column":22}},"skip":true},"2":{"name":"get","line":15,"loc":{"start":{"line":15,"column":7},"end":{"line":15,"column":22}},"skip":true},"3":{"name":"get","line":21,"loc":{"start":{"line":21,"column":7},"end":{"line":21,"column":22}},"skip":true},"4":{"name":"get","line":27,"loc":{"start":{"line":27,"column":7},"end":{"line":27,"column":22}},"skip":true},"5":{"name":"get","line":33,"loc":{"start":{"line":33,"column":7},"end":{"line":33,"column":22}},"skip":true},"6":{"name":"get","line":39,"loc":{"start":{"line":39,"column":7},"end":{"line":39,"column":22}},"skip":true},"7":{"name":"get","line":45,"loc":{"start":{"line":45,"column":7},"end":{"line":45,"column":22}},"skip":true},"8":{"name":"get","line":51,"loc":{"start":{"line":51,"column":7},"end":{"line":51,"column":22}},"skip":true},"9":{"name":"get","line":57,"loc":{"start":{"line":57,"column":7},"end":{"line":57,"column":22}},"skip":true},"10":{"name":"get","line":63,"loc":{"start":{"line":63,"column":7},"end":{"line":63,"column":22}},"skip":true},"11":{"name":"get","line":69,"loc":{"start":{"line":69,"column":7},"end":{"line":69,"column":22}},"skip":true},"12":{"name":"get","line":75,"loc":{"start":{"line":75,"column":7},"end":{"line":75,"column":22}},"skip":true},"13":{"name":"get","line":81,"loc":{"start":{"line":81,"column":7},"end":{"line":81,"column":22}},"skip":true},"14":{"name":"get","line":87,"loc":{"start":{"line":87,"column":7},"end":{"line":87,"column":22}},"skip":true},"15":{"name":"get","line":93,"loc":{"start":{"line":93,"column":7},"end":{"line":93,"column":22}},"skip":true},"16":{"name":"get","line":99,"loc":{"start":{"line":99,"column":7},"end":{"line":99,"column":22}},"skip":true},"17":{"name":"get","line":105,"loc":{"start":{"line":105,"column":7},"end":{"line":105,"column":22}},"skip":true},"18":{"name":"get","line":111,"loc":{"start":{"line":111,"column":7},"end":{"line":111,"column":22}},"skip":true},"19":{"name":"get","line":117,"loc":{"start":{"line":117,"column":7},"end":{"line":117,"column":22}},"skip":true},"20":{"name":"get","line":123,"loc":{"start":{"line":123,"column":7},"end":{"line":123,"column":22}},"skip":true},"21":{"name":"_interopRequireDefault","line":213,"loc":{"start":{"line":213,"column":26},"end":{"line":213,"column":63}},"skip":true}},"statementMap":{"1":{"start":{"line":4,"column":0},"end":{"line":6,"column":3},"skip":true},"2":{"start":{"line":7,"column":0},"end":{"line":12,"column":3},"skip":true},"3":{"start":{"line":10,"column":4},"end":{"line":10,"column":25},"skip":true},"4":{"start":{"line":13,"column":0},"end":{"line":18,"column":3},"skip":true},"5":{"start":{"line":16,"column":4},"end":{"line":16,"column":32},"skip":true},"6":{"start":{"line":19,"column":0},"end":{"line":24,"column":3},"skip":true},"7":{"start":{"line":22,"column":4},"end":{"line":22,"column":27},"skip":true},"8":{"start":{"line":25,"column":0},"end":{"line":30,"column":3},"skip":true},"9":{"start":{"line":28,"column":4},"end":{"line":28,"column":36},"skip":true},"10":{"start":{"line":31,"column":0},"end":{"line":36,"column":3},"skip":true},"11":{"start":{"line":34,"column":4},"end":{"line":34,"column":27},"skip":true},"12":{"start":{"line":37,"column":0},"end":{"line":42,"column":3},"skip":true},"13":{"start":{"line":40,"column":4},"end":{"line":40,"column":34},"skip":true},"14":{"start":{"line":43,"column":0},"end":{"line":48,"column":3},"skip":true},"15":{"start":{"line":46,"column":4},"end":{"line":46,"column":35},"skip":true},"16":{"start":{"line":49,"column":0},"end":{"line":54,"column":3},"skip":true},"17":{"start":{"line":52,"column":4},"end":{"line":52,"column":24},"skip":true},"18":{"start":{"line":55,"column":0},"end":{"line":60,"column":3},"skip":true},"19":{"start":{"line":58,"column":4},"end":{"line":58,"column":26},"skip":true},"20":{"start":{"line":61,"column":0},"end":{"line":66,"column":3},"skip":true},"21":{"start":{"line":64,"column":4},"end":{"line":64,"column":30},"skip":true},"22":{"start":{"line":67,"column":0},"end":{"line":72,"column":3},"skip":true},"23":{"start":{"line":70,"column":4},"end":{"line":70,"column":29},"skip":true},"24":{"start":{"line":73,"column":0},"end":{"line":78,"column":3},"skip":true},"25":{"start":{"line":76,"column":4},"end":{"line":76,"column":29},"skip":true},"26":{"start":{"line":79,"column":0},"end":{"line":84,"column":3},"skip":true},"27":{"start":{"line":82,"column":4},"end":{"line":82,"column":31},"skip":true},"28":{"start":{"line":85,"column":0},"end":{"line":90,"column":3},"skip":true},"29":{"start":{"line":88,"column":4},"end":{"line":88,"column":29},"skip":true},"30":{"start":{"line":91,"column":0},"end":{"line":96,"column":3},"skip":true},"31":{"start":{"line":94,"column":4},"end":{"line":94,"column":24},"skip":true},"32":{"start":{"line":97,"column":0},"end":{"line":102,"column":3},"skip":true},"33":{"start":{"line":100,"column":4},"end":{"line":100,"column":35},"skip":true},"34":{"start":{"line":103,"column":0},"end":{"line":108,"column":3},"skip":true},"35":{"start":{"line":106,"column":4},"end":{"line":106,"column":39},"skip":true},"36":{"start":{"line":109,"column":0},"end":{"line":114,"column":3},"skip":true},"37":{"start":{"line":112,"column":4},"end":{"line":112,"column":31},"skip":true},"38":{"start":{"line":115,"column":0},"end":{"line":120,"column":3},"skip":true},"39":{"start":{"line":118,"column":4},"end":{"line":118,"column":36},"skip":true},"40":{"start":{"line":121,"column":0},"end":{"line":126,"column":3},"skip":true},"41":{"start":{"line":124,"column":4},"end":{"line":124,"column":36},"skip":true},"42":{"start":{"line":129,"column":0},"end":{"line":133,"column":1}},"43":{"start":{"line":135,"column":0},"end":{"line":139,"column":1}},"44":{"start":{"line":141,"column":0},"end":{"line":145,"column":1}},"45":{"start":{"line":147,"column":0},"end":{"line":151,"column":1}},"46":{"start":{"line":153,"column":0},"end":{"line":157,"column":1}},"47":{"start":{"line":159,"column":0},"end":{"line":163,"column":1}},"48":{"start":{"line":165,"column":0},"end":{"line":169,"column":1}},"49":{"start":{"line":171,"column":0},"end":{"line":175,"column":1}},"50":{"start":{"line":177,"column":0},"end":{"line":181,"column":1}},"51":{"start":{"line":183,"column":0},"end":{"line":187,"column":1}},"52":{"start":{"line":189,"column":0},"end":{"line":193,"column":1}},"53":{"start":{"line":195,"column":0},"end":{"line":199,"column":1}},"54":{"start":{"line":201,"column":0},"end":{"line":205,"column":1}},"55":{"start":{"line":207,"column":0},"end":{"line":211,"column":1}},"56":{"start":{"line":213,"column":26},"end":{"line":213,"column":121},"skip":true},"57":{"start":{"line":213,"column":65},"end":{"line":213,"column":119},"skip":true}},"branchMap":{"1":{"line":213,"type":"cond-expr","locations":[{"start":{"line":213,"column":96},"end":{"line":213,"column":99},"skip":true},{"start":{"line":213,"column":102},"end":{"line":213,"column":118},"skip":true}]},"2":{"line":213,"type":"binary-expr","locations":[{"start":{"line":213,"column":72},"end":{"line":213,"column":75},"skip":true},{"start":{"line":213,"column":79},"end":{"line":213,"column":93},"skip":true}]}}},"/Users/osamawh/Desktop/Gradeproof/jsdiff/lib/patch/apply.js":{"path":"/Users/osamawh/Desktop/Gradeproof/jsdiff/lib/patch/apply.js","s":{"1":1,"2":1,"3":1,"4":1,"5":1,"6":1,"7":1,"8":1,"9":36,"10":36,"11":24,"12":36,"13":26,"14":1,"15":25,"16":35,"17":135,"18":1,"19":45,"20":186,"21":186,"22":138,"23":10,"24":10,"25":9,"26":129,"27":36,"28":35,"29":37,"30":37,"31":37,"32":45,"33":36,"34":36,"35":37,"36":1,"37":36,"38":34,"39":34,"40":36,"41":36,"42":36,"43":1,"44":36,"45":175,"46":175,"47":110,"48":65,"49":17,"50":17,"51":48,"52":41,"53":41,"54":41,"55":7,"56":7,"57":7,"58":1,"59":6,"60":2,"61":34,"62":1,"63":1,"64":1,"65":33,"66":2,"67":2,"68":34,"69":190,"70":34,"71":1,"72":6,"73":5,"74":6,"75":1,"76":14,"77":14,"78":4,"79":10,"80":10,"81":1,"82":9,"83":9,"84":9,"85":1,"86":8,"87":6},"b":{"1":[1,0],"2":[1,1],"3":[11,25],"4":[36,11],"5":[24,12],"6":[26,10],"7":[1,25],"8":[35,3],"9":[35,34],"10":[35,34],"11":[185,1],"12":[185,1],"13":[138,48],"14":[186,65],"15":[10,128],"16":[9,1],"17":[36,9],"18":[1,36],"19":[1,35],"20":[174,1],"21":[174,1],"22":[110,65],"23":[17,48],"24":[41,7],"25":[7,0],"26":[6,1],"27":[1,6],"28":[2,4],"29":[1,33],"30":[2,31],"31":[5,1],"32":[4,10],"33":[1,9],"34":[1,8]},"f":{"1":1,"2":36,"3":135,"4":45,"5":6,"6":14,"7":10,"8":9},"fnMap":{"1":{"name":"_interopRequireDefault","line":23,"loc":{"start":{"line":23,"column":26},"end":{"line":23,"column":63}},"skip":true},"2":{"name":"applyPatch","line":26,"loc":{"start":{"line":26,"column":0},"end":{"line":26,"column":37}}},"3":{"name":"(anonymous_3)","line":60,"loc":{"start":{"line":60,"column":43},"end":{"line":62,"column":2}}},"4":{"name":"hunkFits","line":79,"loc":{"start":{"line":79,"column":2},"end":{"line":79,"column":33}}},"5":{"name":"applyPatches","line":199,"loc":{"start":{"line":199,"column":0},"end":{"line":199,"column":40}}},"6":{"name":"processIndex","line":218,"loc":{"start":{"line":218,"column":2},"end":{"line":218,"column":26}}},"7":{"name":"(anonymous_7)","line":225,"loc":{"start":{"line":225,"column":28},"end":{"line":225,"column":49}}},"8":{"name":"(anonymous_8)","line":231,"loc":{"start":{"line":231,"column":45},"end":{"line":231,"column":60}}}},"statementMap":{"1":{"start":{"line":4,"column":0},"end":{"line":6,"column":3},"skip":true},"2":{"start":{"line":7,"column":0},"end":{"line":7,"column":32},"skip":true},"3":{"start":{"line":8,"column":0},"end":{"line":8,"column":36},"skip":true},"4":{"start":{"line":11,"column":0},"end":{"line":15,"column":1}},"5":{"start":{"line":17,"column":0},"end":{"line":21,"column":1}},"6":{"start":{"line":23,"column":26},"end":{"line":23,"column":121},"skip":true},"7":{"start":{"line":23,"column":65},"end":{"line":23,"column":119},"skip":true},"8":{"start":{"line":26,"column":0},"end":{"line":196,"column":1}},"9":{"start":{"line":28,"column":2},"end":{"line":30,"column":83}},"10":{"start":{"line":32,"column":2},"end":{"line":46,"column":3}},"11":{"start":{"line":33,"column":4},"end":{"line":45,"column":14}},"12":{"start":{"line":48,"column":2},"end":{"line":54,"column":3}},"13":{"start":{"line":49,"column":4},"end":{"line":51,"column":5}},"14":{"start":{"line":50,"column":6},"end":{"line":50,"column":68}},"15":{"start":{"line":53,"column":4},"end":{"line":53,"column":25}},"16":{"start":{"line":57,"column":2},"end":{"line":73,"column":15}},"17":{"start":{"line":63,"column":4},"end":{"line":66,"column":6}},"18":{"start":{"line":79,"column":2},"end":{"line":100,"column":3}},"19":{"start":{"line":80,"column":4},"end":{"line":97,"column":5}},"20":{"start":{"line":81,"column":6},"end":{"line":83,"column":60}},"21":{"start":{"line":85,"column":6},"end":{"line":96,"column":7}},"22":{"start":{"line":87,"column":8},"end":{"line":93,"column":9}},"23":{"start":{"line":88,"column":10},"end":{"line":88,"column":23}},"24":{"start":{"line":90,"column":10},"end":{"line":92,"column":11}},"25":{"start":{"line":91,"column":12},"end":{"line":91,"column":25}},"26":{"start":{"line":95,"column":8},"end":{"line":95,"column":16}},"27":{"start":{"line":99,"column":4},"end":{"line":99,"column":16}},"28":{"start":{"line":103,"column":2},"end":{"line":136,"column":3}},"29":{"start":{"line":104,"column":4},"end":{"line":107,"column":43}},"30":{"start":{"line":108,"column":4},"end":{"line":120,"column":30}},"31":{"start":{"line":122,"column":4},"end":{"line":127,"column":5}},"32":{"start":{"line":123,"column":6},"end":{"line":126,"column":7}},"33":{"start":{"line":124,"column":8},"end":{"line":124,"column":44}},"34":{"start":{"line":125,"column":8},"end":{"line":125,"column":14}},"35":{"start":{"line":129,"column":4},"end":{"line":131,"column":5}},"36":{"start":{"line":130,"column":6},"end":{"line":130,"column":19}},"37":{"start":{"line":135,"column":4},"end":{"line":135,"column":58}},"38":{"start":{"line":139,"column":2},"end":{"line":139,"column":21}},"39":{"start":{"line":141,"column":2},"end":{"line":178,"column":3}},"40":{"start":{"line":142,"column":4},"end":{"line":143,"column":64}},"41":{"start":{"line":145,"column":4},"end":{"line":145,"column":50}},"42":{"start":{"line":147,"column":4},"end":{"line":150,"column":5}},"43":{"start":{"line":149,"column":6},"end":{"line":149,"column":17}},"44":{"start":{"line":152,"column":4},"end":{"line":177,"column":5}},"45":{"start":{"line":153,"column":6},"end":{"line":156,"column":46}},"46":{"start":{"line":158,"column":6},"end":{"line":176,"column":7}},"47":{"start":{"line":159,"column":8},"end":{"line":159,"column":17}},"48":{"start":{"line":160,"column":13},"end":{"line":176,"column":7}},"49":{"start":{"line":161,"column":8},"end":{"line":161,"column":32}},"50":{"start":{"line":162,"column":8},"end":{"line":162,"column":37}},"51":{"start":{"line":164,"column":13},"end":{"line":176,"column":7}},"52":{"start":{"line":165,"column":8},"end":{"line":165,"column":41}},"53":{"start":{"line":166,"column":8},"end":{"line":166,"column":48}},"54":{"start":{"line":167,"column":8},"end":{"line":167,"column":17}},"55":{"start":{"line":168,"column":13},"end":{"line":176,"column":7},"skip":true},"56":{"start":{"line":169,"column":8},"end":{"line":169,"column":82},"skip":true},"57":{"start":{"line":171,"column":8},"end":{"line":175,"column":9},"skip":true},"58":{"start":{"line":172,"column":10},"end":{"line":172,"column":29},"skip":true},"59":{"start":{"line":173,"column":15},"end":{"line":175,"column":9},"skip":true},"60":{"start":{"line":174,"column":10},"end":{"line":174,"column":26},"skip":true},"61":{"start":{"line":181,"column":2},"end":{"line":189,"column":3}},"62":{"start":{"line":182,"column":4},"end":{"line":185,"column":5}},"63":{"start":{"line":183,"column":6},"end":{"line":183,"column":18}},"64":{"start":{"line":184,"column":6},"end":{"line":184,"column":23}},"65":{"start":{"line":186,"column":9},"end":{"line":189,"column":3}},"66":{"start":{"line":187,"column":4},"end":{"line":187,"column":19}},"67":{"start":{"line":188,"column":4},"end":{"line":188,"column":26}},"68":{"start":{"line":191,"column":2},"end":{"line":193,"column":3}},"69":{"start":{"line":192,"column":4},"end":{"line":192,"column":43}},"70":{"start":{"line":195,"column":2},"end":{"line":195,"column":24}},"71":{"start":{"line":199,"column":0},"end":{"line":242,"column":1}},"72":{"start":{"line":200,"column":2},"end":{"line":214,"column":3}},"73":{"start":{"line":201,"column":4},"end":{"line":213,"column":14}},"74":{"start":{"line":216,"column":2},"end":{"line":216,"column":23}},"75":{"start":{"line":218,"column":2},"end":{"line":239,"column":3}},"76":{"start":{"line":219,"column":4},"end":{"line":219,"column":40}},"77":{"start":{"line":221,"column":4},"end":{"line":223,"column":5}},"78":{"start":{"line":222,"column":6},"end":{"line":222,"column":32}},"79":{"start":{"line":225,"column":4},"end":{"line":238,"column":7}},"80":{"start":{"line":226,"column":6},"end":{"line":228,"column":7}},"81":{"start":{"line":227,"column":8},"end":{"line":227,"column":37}},"82":{"start":{"line":230,"column":6},"end":{"line":230,"column":60}},"83":{"start":{"line":231,"column":6},"end":{"line":237,"column":9}},"84":{"start":{"line":232,"column":8},"end":{"line":234,"column":9}},"85":{"start":{"line":233,"column":10},"end":{"line":233,"column":39}},"86":{"start":{"line":236,"column":8},"end":{"line":236,"column":23}},"87":{"start":{"line":241,"column":2},"end":{"line":241,"column":17}}},"branchMap":{"1":{"line":23,"type":"cond-expr","locations":[{"start":{"line":23,"column":96},"end":{"line":23,"column":99},"skip":true},{"start":{"line":23,"column":102},"end":{"line":23,"column":118},"skip":true}]},"2":{"line":23,"type":"binary-expr","locations":[{"start":{"line":23,"column":72},"end":{"line":23,"column":75},"skip":true},{"start":{"line":23,"column":79},"end":{"line":23,"column":93},"skip":true}]},"3":{"line":30,"type":"cond-expr","locations":[{"start":{"line":30,"column":65},"end":{"line":30,"column":77}},{"start":{"line":30,"column":80},"end":{"line":30,"column":82}}]},"4":{"line":30,"type":"binary-expr","locations":[{"start":{"line":30,"column":12},"end":{"line":30,"column":32}},{"start":{"line":30,"column":36},"end":{"line":30,"column":62}}]},"5":{"line":32,"type":"if","locations":[{"start":{"line":32,"column":2},"end":{"line":32,"column":2}},{"start":{"line":32,"column":2},"end":{"line":32,"column":2}}]},"6":{"line":48,"type":"if","locations":[{"start":{"line":48,"column":2},"end":{"line":48,"column":2}},{"start":{"line":48,"column":2},"end":{"line":48,"column":2}}]},"7":{"line":49,"type":"if","locations":[{"start":{"line":49,"column":4},"end":{"line":49,"column":4}},{"start":{"line":49,"column":4},"end":{"line":49,"column":4}}]},"8":{"line":58,"type":"binary-expr","locations":[{"start":{"line":58,"column":19},"end":{"line":58,"column":55}},{"start":{"line":58,"column":59},"end":{"line":58,"column":61}}]},"9":{"line":60,"type":"binary-expr","locations":[{"start":{"line":60,"column":20},"end":{"line":60,"column":39}},{"start":{"line":60,"column":43},"end":{"line":67,"column":3}}]},"10":{"line":69,"type":"binary-expr","locations":[{"start":{"line":69,"column":19},"end":{"line":69,"column":37}},{"start":{"line":69,"column":41},"end":{"line":69,"column":42}}]},"11":{"line":82,"type":"cond-expr","locations":[{"start":{"line":82,"column":40},"end":{"line":82,"column":47}},{"start":{"line":82,"column":50},"end":{"line":82,"column":53}}]},"12":{"line":83,"type":"cond-expr","locations":[{"start":{"line":83,"column":38},"end":{"line":83,"column":52}},{"start":{"line":83,"column":55},"end":{"line":83,"column":59}}]},"13":{"line":85,"type":"if","locations":[{"start":{"line":85,"column":6},"end":{"line":85,"column":6}},{"start":{"line":85,"column":6},"end":{"line":85,"column":6}}]},"14":{"line":85,"type":"binary-expr","locations":[{"start":{"line":85,"column":10},"end":{"line":85,"column":27}},{"start":{"line":85,"column":31},"end":{"line":85,"column":48}}]},"15":{"line":87,"type":"if","locations":[{"start":{"line":87,"column":8},"end":{"line":87,"column":8}},{"start":{"line":87,"column":8},"end":{"line":87,"column":8}}]},"16":{"line":90,"type":"if","locations":[{"start":{"line":90,"column":10},"end":{"line":90,"column":10}},{"start":{"line":90,"column":10},"end":{"line":90,"column":10}}]},"17":{"line":123,"type":"if","locations":[{"start":{"line":123,"column":6},"end":{"line":123,"column":6}},{"start":{"line":123,"column":6},"end":{"line":123,"column":6}}]},"18":{"line":129,"type":"if","locations":[{"start":{"line":129,"column":4},"end":{"line":129,"column":4}},{"start":{"line":129,"column":4},"end":{"line":129,"column":4}}]},"19":{"line":147,"type":"if","locations":[{"start":{"line":147,"column":4},"end":{"line":147,"column":4}},{"start":{"line":147,"column":4},"end":{"line":147,"column":4}}]},"20":{"line":154,"type":"cond-expr","locations":[{"start":{"line":154,"column":40},"end":{"line":154,"column":47}},{"start":{"line":154,"column":50},"end":{"line":154,"column":53}}]},"21":{"line":155,"type":"cond-expr","locations":[{"start":{"line":155,"column":38},"end":{"line":155,"column":52}},{"start":{"line":155,"column":55},"end":{"line":155,"column":59}}]},"22":{"line":158,"type":"if","locations":[{"start":{"line":158,"column":6},"end":{"line":158,"column":6}},{"start":{"line":158,"column":6},"end":{"line":158,"column":6}}]},"23":{"line":160,"type":"if","locations":[{"start":{"line":160,"column":13},"end":{"line":160,"column":13}},{"start":{"line":160,"column":13},"end":{"line":160,"column":13}}]},"24":{"line":164,"type":"if","locations":[{"start":{"line":164,"column":13},"end":{"line":164,"column":13}},{"start":{"line":164,"column":13},"end":{"line":164,"column":13},"skip":true}]},"25":{"line":168,"type":"if","locations":[{"start":{"line":168,"column":13},"end":{"line":168,"column":13},"skip":true},{"start":{"line":168,"column":13},"end":{"line":168,"column":13},"skip":true}]},"26":{"line":169,"type":"cond-expr","locations":[{"start":{"line":169,"column":53},"end":{"line":169,"column":74},"skip":true},{"start":{"line":169,"column":77},"end":{"line":169,"column":81},"skip":true}]},"27":{"line":171,"type":"if","locations":[{"start":{"line":171,"column":8},"end":{"line":171,"column":8},"skip":true},{"start":{"line":171,"column":8},"end":{"line":171,"column":8},"skip":true}]},"28":{"line":173,"type":"if","locations":[{"start":{"line":173,"column":15},"end":{"line":173,"column":15},"skip":true},{"start":{"line":173,"column":15},"end":{"line":173,"column":15},"skip":true}]},"29":{"line":181,"type":"if","locations":[{"start":{"line":181,"column":2},"end":{"line":181,"column":2}},{"start":{"line":181,"column":2},"end":{"line":181,"column":2}}]},"30":{"line":186,"type":"if","locations":[{"start":{"line":186,"column":9},"end":{"line":186,"column":9}},{"start":{"line":186,"column":9},"end":{"line":186,"column":9}}]},"31":{"line":200,"type":"if","locations":[{"start":{"line":200,"column":2},"end":{"line":200,"column":2}},{"start":{"line":200,"column":2},"end":{"line":200,"column":2}}]},"32":{"line":221,"type":"if","locations":[{"start":{"line":221,"column":4},"end":{"line":221,"column":4}},{"start":{"line":221,"column":4},"end":{"line":221,"column":4}}]},"33":{"line":226,"type":"if","locations":[{"start":{"line":226,"column":6},"end":{"line":226,"column":6}},{"start":{"line":226,"column":6},"end":{"line":226,"column":6}}]},"34":{"line":232,"type":"if","locations":[{"start":{"line":232,"column":8},"end":{"line":232,"column":8}},{"start":{"line":232,"column":8},"end":{"line":232,"column":8}}]}}},"/Users/osamawh/Desktop/Gradeproof/jsdiff/lib/patch/parse.js":{"path":"/Users/osamawh/Desktop/Gradeproof/jsdiff/lib/patch/parse.js","s":{"1":1,"2":1,"3":1,"4":167,"5":167,"6":1,"7":175,"8":175,"9":175,"10":309,"11":309,"12":174,"13":135,"14":135,"15":65,"16":135,"17":175,"18":175,"19":175,"20":175,"21":331,"22":331,"23":8,"24":323,"25":168,"26":155,"27":1,"28":154,"29":1,"30":350,"31":350,"32":161,"33":161,"34":161,"35":161,"36":2,"37":161,"38":161,"39":161,"40":1,"41":168,"42":168,"43":168,"44":168,"45":877,"46":1,"47":876,"48":876,"49":722,"50":722,"51":722,"52":171,"53":551,"54":155,"55":396,"56":385,"57":385,"58":154,"59":168,"60":3,"61":168,"62":4,"63":168,"64":3,"65":1,"66":2,"67":1,"68":166,"69":167,"70":175,"71":164},"b":{"1":[4,163],"2":[167,4],"3":[167,3],"4":[174,135],"5":[65,70],"6":[8,323],"7":[168,155],"8":[1,154],"9":[155,3],"10":[161,189],"11":[80,81],"12":[2,159],"13":[161,9],"14":[168,31],"15":[168,4],"16":[1,876],"17":[877,1,1,1],"18":[1,875],"19":[876,144],"20":[722,154],"21":[876,705,550,165],"22":[722,10],"23":[171,551],"24":[155,396],"25":[385,11],"26":[3,165],"27":[168,7],"28":[4,164],"29":[168,8],"30":[3,165],"31":[1,2],"32":[1,1]},"f":{"1":167,"2":175,"3":350,"4":168},"fnMap":{"1":{"name":"parsePatch","line":10,"loc":{"start":{"line":10,"column":0},"end":{"line":10,"column":29}}},"2":{"name":"parseIndex","line":20,"loc":{"start":{"line":20,"column":2},"end":{"line":20,"column":24}}},"3":{"name":"parseFileHeader","line":66,"loc":{"start":{"line":66,"column":2},"end":{"line":66,"column":34}}},"4":{"name":"parseHunk","line":86,"loc":{"start":{"line":86,"column":2},"end":{"line":86,"column":23}}}},"statementMap":{"1":{"start":{"line":4,"column":0},"end":{"line":6,"column":3},"skip":true},"2":{"start":{"line":7,"column":0},"end":{"line":7,"column":32},"skip":true},"3":{"start":{"line":10,"column":0},"end":{"line":155,"column":1}},"4":{"start":{"line":12,"column":2},"end":{"line":14,"column":83}},"5":{"start":{"line":15,"column":2},"end":{"line":18,"column":12}},"6":{"start":{"line":20,"column":2},"end":{"line":62,"column":3}},"7":{"start":{"line":21,"column":4},"end":{"line":21,"column":19}},"8":{"start":{"line":22,"column":4},"end":{"line":22,"column":21}},"9":{"start":{"line":24,"column":4},"end":{"line":39,"column":5}},"10":{"start":{"line":25,"column":6},"end":{"line":25,"column":28}},"11":{"start":{"line":27,"column":6},"end":{"line":29,"column":7}},"12":{"start":{"line":28,"column":8},"end":{"line":28,"column":14}},"13":{"start":{"line":32,"column":6},"end":{"line":32,"column":73}},"14":{"start":{"line":34,"column":6},"end":{"line":36,"column":7}},"15":{"start":{"line":35,"column":8},"end":{"line":35,"column":32}},"16":{"start":{"line":38,"column":6},"end":{"line":38,"column":10}},"17":{"start":{"line":43,"column":4},"end":{"line":43,"column":27}},"18":{"start":{"line":44,"column":4},"end":{"line":44,"column":27}},"19":{"start":{"line":46,"column":4},"end":{"line":46,"column":21}},"20":{"start":{"line":48,"column":4},"end":{"line":61,"column":5}},"21":{"start":{"line":49,"column":6},"end":{"line":49,"column":29}},"22":{"start":{"line":51,"column":6},"end":{"line":60,"column":7}},"23":{"start":{"line":52,"column":8},"end":{"line":52,"column":14}},"24":{"start":{"line":53,"column":13},"end":{"line":60,"column":7}},"25":{"start":{"line":54,"column":8},"end":{"line":54,"column":38}},"26":{"start":{"line":55,"column":13},"end":{"line":60,"column":7}},"27":{"start":{"line":57,"column":8},"end":{"line":57,"column":81}},"28":{"start":{"line":59,"column":8},"end":{"line":59,"column":12}},"29":{"start":{"line":66,"column":2},"end":{"line":82,"column":3}},"30":{"start":{"line":67,"column":4},"end":{"line":67,"column":62}},"31":{"start":{"line":69,"column":4},"end":{"line":81,"column":5}},"32":{"start":{"line":70,"column":6},"end":{"line":70,"column":62}},"33":{"start":{"line":71,"column":6},"end":{"line":71,"column":46}},"34":{"start":{"line":72,"column":6},"end":{"line":72,"column":52}},"35":{"start":{"line":74,"column":6},"end":{"line":76,"column":7}},"36":{"start":{"line":75,"column":8},"end":{"line":75,"column":59}},"37":{"start":{"line":78,"column":6},"end":{"line":78,"column":47}},"38":{"start":{"line":79,"column":6},"end":{"line":79,"column":59}},"39":{"start":{"line":80,"column":6},"end":{"line":80,"column":10}},"40":{"start":{"line":86,"column":2},"end":{"line":148,"column":3}},"41":{"start":{"line":87,"column":4},"end":{"line":89,"column":90}},"42":{"start":{"line":90,"column":4},"end":{"line":97,"column":6}},"43":{"start":{"line":98,"column":4},"end":{"line":99,"column":24}},"44":{"start":{"line":101,"column":4},"end":{"line":125,"column":5}},"45":{"start":{"line":104,"column":6},"end":{"line":106,"column":7}},"46":{"start":{"line":105,"column":8},"end":{"line":105,"column":14}},"47":{"start":{"line":108,"column":6},"end":{"line":108,"column":94}},"48":{"start":{"line":110,"column":6},"end":{"line":124,"column":7}},"49":{"start":{"line":111,"column":8},"end":{"line":111,"column":36}},"50":{"start":{"line":112,"column":8},"end":{"line":112,"column":56}},"51":{"start":{"line":114,"column":8},"end":{"line":121,"column":9}},"52":{"start":{"line":115,"column":10},"end":{"line":115,"column":21}},"53":{"start":{"line":116,"column":15},"end":{"line":121,"column":9}},"54":{"start":{"line":117,"column":10},"end":{"line":117,"column":24}},"55":{"start":{"line":118,"column":15},"end":{"line":121,"column":9}},"56":{"start":{"line":119,"column":10},"end":{"line":119,"column":21}},"57":{"start":{"line":120,"column":10},"end":{"line":120,"column":24}},"58":{"start":{"line":123,"column":8},"end":{"line":123,"column":14}},"59":{"start":{"line":128,"column":4},"end":{"line":130,"column":5}},"60":{"start":{"line":129,"column":6},"end":{"line":129,"column":24}},"61":{"start":{"line":132,"column":4},"end":{"line":134,"column":5}},"62":{"start":{"line":133,"column":6},"end":{"line":133,"column":24}},"63":{"start":{"line":137,"column":4},"end":{"line":145,"column":5}},"64":{"start":{"line":138,"column":6},"end":{"line":140,"column":7}},"65":{"start":{"line":139,"column":8},"end":{"line":139,"column":101}},"66":{"start":{"line":142,"column":6},"end":{"line":144,"column":7}},"67":{"start":{"line":143,"column":8},"end":{"line":143,"column":103}},"68":{"start":{"line":147,"column":4},"end":{"line":147,"column":16}},"69":{"start":{"line":150,"column":2},"e
[...]
umn":75}}]},"53":{"line":482,"type":"if","locations":[{"start":{"line":482,"column":4},"end":{"line":482,"column":4}},{"start":{"line":482,"column":4},"end":{"line":482,"column":4}}]},"54":{"line":482,"type":"binary-expr","locations":[{"start":{"line":482,"column":8},"end":{"line":482,"column":25}},{"start":{"line":482,"column":29},"end":{"line":482,"column":44}}]},"55":{"line":486,"type":"if","locations":[{"start":{"line":486,"column":4},"end":{"line":486,"column":4}},{"start":{"line":486,"column":4},"end":{"line":486,"column":4}}]},"56":{"line":504,"type":"binary-expr","locations":[{"start":{"line":504,"column":9},"end":{"line":504,"column":41}},{"start":{"line":504,"column":45},"end":{"line":504,"column":77}}]},"57":{"line":508,"type":"if","locations":[{"start":{"line":508,"column":4},"end":{"line":508,"column":4}},{"start":{"line":508,"column":4},"end":{"line":508,"column":4}}]},"58":{"line":512,"type":"binary-expr","locations":[{"start":{"line":512,"column":21},"end":{"line":512,"column":35}},{"start":{"line":512,"column":39},"end":{"line":512,"column":56}}]},"59":{"line":517,"type":"if","locations":[{"start":{"line":517,"column":4},"end":{"line":517,"column":4}},{"start":{"line":517,"column":4},"end":{"line":517,"column":4}}]},"60":{"line":526,"type":"if","locations":[{"start":{"line":526,"column":4},"end":{"line":526,"column":4}},{"start":{"line":526,"column":4},"end":{"line":526,"column":4}}]},"61":{"line":534,"type":"if","locations":[{"start":{"line":534,"column":2},"end":{"line":534,"column":2}},{"start":{"line":534,"column":2},"end":{"line":534,"column":2}}]},"62":{"line":534,"type":"binary-expr","locations":[{"start":{"line":534,"column":6},"end":{"line":534,"column":49}},{"start":{"line":534,"column":53},"end":{"line":534,"column":67}}]},"63":{"line":534,"type":"binary-expr","locations":[{"start":{"line":534,"column":7},"end":{"line":534,"column":31}},{"start":{"line":534,"column":35},"end":{"line":534,"column":37}}]},"64":{"line":538,"type":"if","locations":[{"start":{"line":538,"column":2},"end":{"line":538,"column":2}},{"start":{"line":538,"column":2},"end":{"line":538,"column":2}}]},"65":{"line":554,"type":"binary-expr","locations":[{"start":{"line":554,"column":11},"end":{"line":554,"column":15}},{"start":{"line":554,"column":19},"end":{"line":554,"column":36}}]},"66":{"line":562,"type":"if","locations":[{"start":{"line":562,"column":4},"end":{"line":562,"column":4}},{"start":{"line":562,"column":4},"end":{"line":562,"column":4}}]},"67":{"line":575,"type":"if","locations":[{"start":{"line":575,"column":4},"end":{"line":575,"column":4}},{"start":{"line":575,"column":4},"end":{"line":575,"column":4}}]},"68":{"line":579,"type":"if","locations":[{"start":{"line":579,"column":6},"end":{"line":579,"column":6}},{"start":{"line":579,"column":6},"end":{"line":579,"column":6}}]},"69":{"line":580,"type":"if","locations":[{"start":{"line":580,"column":8},"end":{"line":580,"column":8}},{"start":{"line":580,"column":8},"end":{"line":580,"column":8}}]},"70":{"line":587,"type":"if","locations":[{"start":{"line":587,"column":6},"end":{"line":587,"column":6}},{"start":{"line":587,"column":6},"end":{"line":587,"column":6}}]},"71":{"line":588,"type":"if","locations":[{"start":{"line":588,"column":8},"end":{"line":588,"column":8}},{"start":{"line":588,"column":8},"end":{"line":588,"column":8}}]},"72":{"line":595,"type":"if","locations":[{"start":{"line":595,"column":6},"end":{"line":595,"column":6}},{"start":{"line":595,"column":6},"end":{"line":595,"column":6}}]},"73":{"line":595,"type":"binary-expr","locations":[{"start":{"line":595,"column":10},"end":{"line":595,"column":32}},{"start":{"line":595,"column":37},"end":{"line":595,"column":52}},{"start":{"line":595,"column":56},"end":{"line":595,"column":71}}]},"74":{"line":599,"type":"if","locations":[{"start":{"line":599,"column":6},"end":{"line":599,"column":6}},{"start":{"line":599,"column":6},"end":{"line":599,"column":6}}]},"75":{"line":599,"type":"binary-expr","locations":[{"start":{"line":599,"column":10},"end":{"line":599,"column":32}},{"start":{"line":599,"column":37},"end":{"line":599,"column":52}},{"start":{"line":599,"column":56},"end":{"line":599,"column":71}}]}}},"/Users/osamawh/Desktop/Gradeproof/jsdiff/lib/patch/create.js":{"path":"/Users/osamawh/Desktop/Gradeproof/jsdiff/lib/patch/create.js","s":{"1":1,"2":1,"3":1,"4":1,"5":1,"6":1,"7":79,"8":1,"9":0,"10":1,"11":0,"12":0,"13":1,"14":79,"15":79,"16":105,"17":79,"18":1,"19":24,"20":22,"21":24,"22":22,"23":24,"24":24,"25":1,"26":48,"27":84,"28":24,"29":24,"30":24,"31":106,"32":106,"33":106,"34":47,"35":47,"36":29,"37":29,"38":29,"39":29,"40":20,"41":20,"42":20,"43":47,"44":61,"45":47,"46":25,"47":22,"48":59,"49":32,"50":3,"51":3,"52":29,"53":29,"54":29,"55":29,"56":29,"57":18,"58":18,"59":18,"60":18,"61":5,"62":18,"63":8,"64":29,"65":29,"66":29,"67":29,"68":59,"69":59,"70":24,"71":106,"72":24,"73":1,"74":21,"75":21,"76":21,"77":20,"78":21,"79":21,"80":21,"81":21,"82":26,"83":26,"84":26,"85":21,"86":1,"87":20},"b":{"1":[79,0,0],"2":[0,0],"3":[0,0],"4":[79,0],"5":[22,2],"6":[22,2],"7":[106,82],"8":[47,59],"9":[106,81],"10":[29,18],"11":[20,9],"12":[16,4],"13":[36,25],"14":[25,22],"15":[32,27],"16":[3,29],"17":[32,22],"18":[18,11],"19":[29,20],"20":[18,12],"21":[5,13],"22":[18,9],"23":[8,10],"24":[18,9,14],"25":[20,1],"26":[6,15],"27":[6,15]},"f":{"1":79,"2":0,"3":0,"4":79,"5":24,"6":48,"7":84,"8":106,"9":61,"10":21,"11":20},"fnMap":{"1":{"name":"_toConsumableArray","line":18,"loc":{"start":{"line":18,"column":26},"end":{"line":18,"column":59}},"skip":true},"2":{"name":"_nonIterableSpread","line":20,"loc":{"start":{"line":20,"column":0},"end":{"line":20,"column":30}},"skip":true},"3":{"name":"_iterableToArray","line":22,"loc":{"start":{"line":22,"column":0},"end":{"line":22,"column":32}},"skip":true},"4":{"name":"_arrayWithoutHoles","line":24,"loc":{"start":{"line":24,"column":0},"end":{"line":24,"column":33}},"skip":true},"5":{"name":"structuredPatch","line":27,"loc":{"start":{"line":27,"column":0},"end":{"line":27,"column":98}}},"6":{"name":"contextLines","line":54,"loc":{"start":{"line":54,"column":2},"end":{"line":54,"column":31}}},"7":{"name":"(anonymous_7)","line":55,"loc":{"start":{"line":55,"column":21},"end":{"line":55,"column":38}}},"8":{"name":"_loop","line":68,"loc":{"start":{"line":68,"column":14},"end":{"line":70,"column":5}}},"9":{"name":"(anonymous_9)","line":109,"loc":{"start":{"line":109,"column":16},"end":{"line":109,"column":33}}},"10":{"name":"createTwoFilesPatch","line":223,"loc":{"start":{"line":223,"column":0},"end":{"line":223,"column":102}}},"11":{"name":"createPatch","line":244,"loc":{"start":{"line":244,"column":0},"end":{"line":244,"column":78}}}},"statementMap":{"1":{"start":{"line":4,"column":0},"end":{"line":6,"column":3},"skip":true},"2":{"start":{"line":7,"column":0},"end":{"line":7,"column":42},"skip":true},"3":{"start":{"line":8,"column":0},"end":{"line":8,"column":50},"skip":true},"4":{"start":{"line":9,"column":0},"end":{"line":9,"column":34},"skip":true},"5":{"start":{"line":12,"column":0},"end":{"line":16,"column":1}},"6":{"start":{"line":18,"column":26},"end":{"line":18,"column":143},"skip":true},"7":{"start":{"line":18,"column":61},"end":{"line":18,"column":141},"skip":true},"8":{"start":{"line":20,"column":0},"end":{"line":20,"column":105},"skip":true},"9":{"start":{"line":20,"column":32},"end":{"line":20,"column":103},"skip":true},"10":{"start":{"line":22,"column":0},"end":{"line":22,"column":162},"skip":true},"11":{"start":{"line":22,"column":34},"end":{"line":22,"column":160},"skip":true},"12":{"start":{"line":22,"column":136},"end":{"line":22,"column":160},"skip":true},"13":{"start":{"line":24,"column":0},"end":{"line":24,"column":166},"skip":true},"14":{"start":{"line":24,"column":35},"end":{"line":24,"column":164},"skip":true},"15":{"start":{"line":24,"column":61},"end":{"line":24,"column":149},"skip":true},"16":{"start":{"line":24,"column":130},"end":{"line":24,"column":147},"skip":true},"17":{"start":{"line":24,"column":150},"end":{"line":24,"column":162},"skip":true},"18":{"start":{"line":27,"column":0},"end":{"line":221,"column":1}},"19":{"start":{"line":28,"column":2},"end":{"line":30,"column":3}},"20":{"start":{"line":29,"column":4},"end":{"line":29,"column":17}},"21":{"start":{"line":32,"column":2},"end":{"line":34,"column":3}},"22":{"start":{"line":33,"column":4},"end":{"line":33,"column":24}},"23":{"start":{"line":36,"column":2},"end":{"line":48,"column":28}},"24":{"start":{"line":49,"column":2},"end":{"line":52,"column":5}},"25":{"start":{"line":54,"column":2},"end":{"line":58,"column":3}},"26":{"start":{"line":55,"column":4},"end":{"line":57,"column":7}},"27":{"start":{"line":56,"column":6},"end":{"line":56,"column":25}},"28":{"start":{"line":60,"column":2},"end":{"line":60,"column":17}},"29":{"start":{"line":61,"column":2},"end":{"line":65,"column":18}},"30":{"start":{"line":68,"column":2},"end":{"line":205,"column":4}},"31":{"start":{"line":71,"column":4},"end":{"line":72,"column":78}},"32":{"start":{"line":73,"column":4},"end":{"line":73,"column":26}},"33":{"start":{"line":75,"column":4},"end":{"line":204,"column":5}},"34":{"start":{"line":77,"column":6},"end":{"line":77,"column":20},"skip":true},"35":{"start":{"line":81,"column":6},"end":{"line":91,"column":7}},"36":{"start":{"line":82,"column":8},"end":{"line":82,"column":31}},"37":{"start":{"line":83,"column":8},"end":{"line":83,"column":32}},"38":{"start":{"line":84,"column":8},"end":{"line":84,"column":32}},"39":{"start":{"line":86,"column":8},"end":{"line":90,"column":9}},"40":{"start":{"line":87,"column":10},"end":{"line":87,"column":97}},"41":{"start":{"line":88,"column":10},"end":{"line":88,"column":43}},"42":{"start":{"line":89,"column":10},"end":{"line":89,"column":43}},"43":{"start":{"line":95,"column":6},"end":{"line":111,"column":11}},"44":{"start":{"line":110,"column":8},"end":{"line":110,"column":51}},"45":{"start":{"line":114,"column":6},"end":{"line":118,"column":7}},"46":{"start":{"line":115,"column":8},"end":{"line":115,"column":32}},"47":{"start":{"line":117,"column":8},"end":{"line":117,"column":32}},"48":{"start":{"line":121,"column":6},"end":{"line":200,"column":7}},"49":{"start":{"line":123,"column":8},"end":{"line":199,"column":9}},"50":{"start":{"line":125,"column":10},"end":{"line":125,"column":25},"skip":true},"51":{"start":{"line":131,"column":10},"end":{"line":145,"column":32}},"52":{"start":{"line":148,"column":10},"end":{"line":148,"column":25},"skip":true},"53":{"start":{"line":152,"column":10},"end":{"line":152,"column":68}},"54":{"start":{"line":155,"column":10},"end":{"line":169,"column":54}},"55":{"start":{"line":171,"column":10},"end":{"line":177,"column":12}},"56":{"start":{"line":179,"column":10},"end":{"line":193,"column":11}},"57":{"start":{"line":181,"column":12},"end":{"line":181,"column":51}},"58":{"start":{"line":182,"column":12},"end":{"line":182,"column":51}},"59":{"start":{"line":183,"column":12},"end":{"line":183,"column":86}},"60":{"start":{"line":185,"column":12},"end":{"line":188,"column":13}},"61":{"start":{"line":187,"column":14},"end":{"line":187,"column":80}},"62":{"start":{"line":190,"column":12},"end":{"line":192,"column":13}},"63":{"start":{"line":191,"column":14},"end":{"line":191,"column":60}},"64":{"start":{"line":195,"column":10},"end":{"line":195,"column":27}},"65":{"start":{"line":196,"column":10},"end":{"line":196,"column":28}},"66":{"start":{"line":197,"column":10},"end":{"line":197,"column":28}},"67":{"start":{"line":198,"column":10},"end":{"line":198,"column":24}},"68":{"start":{"line":202,"column":6},"end":{"line":202,"column":30}},"69":{"start":{"line":203,"column":6},"end":{"line":203,"column":30}},"70":{"start":{"line":207,"column":2},"end":{"line":212,"column":3}},"71":{"start":{"line":209,"column":4},"end":{"line":211,"column":7}},"72":{"start":{"line":214,"column":2},"end":{"line":220,"column":4}},"73":{"start":{"line":223,"column":0},"end":{"line":242,"column":1}},"74":{"start":{"line":224,"column":2},"end":{"line":224,"column":102}},"75":{"start":{"line":225,"column":2},"end":{"line":225,"column":15}},"76":{"start":{"line":227,"column":2},"end":{"line":229,"column":3}},"77":{"start":{"line":228,"column":4},"end":{"line":228,"column":38}},"78":{"start":{"line":231,"column":2},"end":{"line":231,"column":82}},"79":{"start":{"line":232,"column":2},"end":{"line":232,"column":109}},"80":{"start":{"line":233,"column":2},"end":{"line":233,"column":109}},"81":{"start":{"line":235,"column":2},"end":{"line":239,"column":3}},"82":{"start":{"line":236,"column":4},"end":{"line":236,"column":29}},"83":{"start":{"line":237,"column":4},"end":{"line":237,"column":112}},"84":{"start":{"line":238,"column":4},"end":{"line":238,"column":36}},"85":{"start":{"line":241,"column":2},"end":{"line":241,"column":31}},"86":{"start":{"line":244,"column":0},"end":{"line":246,"column":1}},"87":{"start":{"line":245,"column":2},"end":{"line":245,"column":96}}},"branchMap":{"1":{"line":18,"type":"binary-expr","locations":[{"start":{"line":18,"column":68},"end":{"line":18,"column":91},"skip":true},{"start":{"line":18,"column":95},"end":{"line":18,"column":116},"skip":true},{"start":{"line":18,"column":120},"end":{"line":18,"column":140},"skip":true}]},"2":{"line":22,"type":"if","locations":[{"start":{"line":22,"column":34},"end":{"line":22,"column":34},"skip":true},{"start":{"line":22,"column":34},"end":{"line":22,"column":34},"skip":true}]},"3":{"line":22,"type":"binary-expr","locations":[{"start":{"line":22,"column":38},"end":{"line":22,"column":69},"skip":true},{"start":{"line":22,"column":73},"end":{"line":22,"column":134},"skip":true}]},"4":{"line":24,"type":"if","locations":[{"start":{"line":24,"column":35},"end":{"line":24,"column":35},"skip":true},{"start":{"line":24,"column":35},"end":{"line":24,"column":35},"skip":true}]},"5":{"line":28,"type":"if","locations":[{"start":{"line":28,"column":2},"end":{"line":28,"column":2}},{"start":{"line":28,"column":2},"end":{"line":28,"column":2}}]},"6":{"line":32,"type":"if","locations":[{"start":{"line":32,"column":2},"end":{"line":32,"column":2}},{"start":{"line":32,"column":2},"end":{"line":32,"column":2}}]},"7":{"line":72,"type":"binary-expr","locations":[{"start":{"line":72,"column":16},"end":{"line":72,"column":29}},{"start":{"line":72,"column":33},"end":{"line":72,"column":77}}]},"8":{"line":75,"type":"if","locations":[{"start":{"line":75,"column":4},"end":{"line":75,"column":4}},{"start":{"line":75,"column":4},"end":{"line":75,"column":4}}]},"9":{"line":75,"type":"binary-expr","locations":[{"start":{"line":75,"column":8},"end":{"line":75,"column":21}},{"start":{"line":75,"column":25},"end":{"line":75,"column":40}}]},"10":{"line":81,"type":"if","locations":[{"start":{"line":81,"column":6},"end":{"line":81,"column":6}},{"start":{"line":81,"column":6},"end":{"line":81,"column":6}}]},"11":{"line":86,"type":"if","locations":[{"start":{"line":86,"column":8},"end":{"line":86,"column":8}},{"start":{"line":86,"column":8},"end":{"line":86,"column":8}}]},"12":{"line":87,"type":"cond-expr","locations":[{"start":{"line":87,"column":43},"end":{"line":87,"column":91}},{"start":{"line":87,"column":94},"end":{"line":87,"column":96}}]},"13":{"line":110,"type":"cond-expr","locations":[{"start":{"line":110,"column":32},"end":{"line":110,"column":35}},{"start":{"line":110,"column":38},"end":{"line":110,"column":41}}]},"14":{"line":114,"type":"if","locations":[{"start":{"line":114,"column":6},"end":{"line":114,"column":6}},{"start":{"line":114,"column":6},"end":{"line":114,"column":6}}]},"15":{"line":121,"type":"if","locations":[{"start":{"line":121,"column":6},"end":{"line":121,"column":6}},{"start":{"line":121,"column":6},"end":{"line":121,"column":6}}]},"16":{"line":123,"type":"if","locations":[{"start":{"line":123,"column":8},"end":{"line":123,"column":8}},{"start":{"line":123,"column":8},"end":{"line":123,"column":8}}]},"17":{"line":123,"type":"binary-expr","locations":[{"start":{"line":123,"column":12},"end":{"line":123,"column":47}},{"start":{"line":123,"column":51},"end":{"line":123,"column":70}}]},"18":{"line":179,"type":"if","locations":[{"start":{"line":179,"column":10},"end":{"line":179,"column":10}},{"start":{"line":179,"column":10},"end":{"line":179,"column":10}}]},"19":{"line":179,"type":"binary-expr","locations":[{"start":{"line":179,"column":14},"end":{"line":179,"column":34}},{"start":{"line":179,"column":38},"end":{"line":179,"column":69}}]},"20":{"line":183,"type":"binary-expr","locations":[{"start":{"line":183,"column":33},"end":{"line":183,"column":50}},{"start":{"line":183,"column":54},"end":{"line":183,"column":85}}]},"21":{"line":185,"type":"if","locations":[{"start":{"line":185,"column":12},"end":{"line":185,"column":12}},{"start":{"line":185,"column":12},"end":{"line":185,"column":12}}]},"22":{"line":185,"type":"binary-expr","locations":[{"start":{"line":185,"column":16},"end":{"line":185,"column":30}},{"start":{"line":185,"column":34},"end":{"line":185,"column":48}}]},"23":{"line":190,"type":"if","locations":[{"start":{"line":190,"column":12},"end":{"line":190,"column":12}},{"start":{"line":190,"column":12},"end":{"line":190,"column":12}}]},"24":{"line":190,"type":"binary-expr","locations":[{"start":{"line":190,"column":16},"end":{"line":190,"column":30}},{"start":{"line":190,"column":34},"end":{"line":190,"column":49}},{"start":{"line":190,"column":53},"end":{"line":190,"column":67}}]},"25":{"line":227,"type":"if","locations":[{"start":{"line":227,"column":2},"end":{"line":227,"column":2}},{"start":{"line":227,"column":2},"end":{"line":227,"column":2}}]},"26":{"line":232,"type":"cond-expr","locations":[{"start":{"line":232,"column":80},"end":{"line":232,"column":82}},{"start":{"line":232,"column":85},"end":{"line":232,"column":106}}]},"27":{"line":233,"type":"cond-expr","locations":[{"start":{"line":233,"column":80},"end":{"line":233,"column":82}},{"start":{"line":233,"column":85},"end":{"line":233,"column":106}}]}}},"/Users/osamawh/Desktop/Gradeproof/jsdiff/lib/util/array.js":{"path":"/Users/osamawh/Desktop/Gradeproof/jsdiff/lib/util/array.js","s":{"1":1,"2":1,"3":1,"4":1,"5":20,"6":8,"7":12,"8":1,"9":25,"10":3,"11":22,"12":40,"13":14,"14":8},"b":{"1":[8,12],"2":[3,22],"3":[14,26]},"f":{"1":20,"2":25},"fnMap":{"1":{"name":"arrayEqual","line":11,"loc":{"start":{"line":11,"column":0},"end":{"line":11,"column":26}}},"2":{"name":"arrayStartsWith","line":19,"loc":{"start":{"line":19,"column":0},"end":{"line":19,"column":39}}}},"statementMap":{"1":{"start":{"line":4,"column":0},"end":{"line":6,"column":3},"skip":true},"2":{"start":{"line":7,"column":0},"end":{"line":7,"column":32},"skip":true},"3":{"start":{"line":8,"column":0},"end":{"line":8,"column":42},"skip":true},"4":{"start":{"line":11,"column":0},"end":{"line":17,"column":1}},"5":{"start":{"line":12,"column":2},"end":{"line":14,"column":3}},"6":{"start":{"line":13,"column":4},"end":{"line":13,"column":17}},"7":{"start":{"line":16,"column":2},"end":{"line":16,"column":31}},"8":{"start":{"line":19,"column":0},"end":{"line":31,"column":1}},"9":{"start":{"line":20,"column":2},"end":{"line":22,"column":3}},"10":{"start":{"line":21,"column":4},"end":{"line":21,"column":17}},"11":{"start":{"line":24,"column":2},"end":{"line":28,"column":3}},"12":{"start":{"line":25,"column":4},"end":{"line":27,"column":5}},"13":{"start":{"line":26,"column":6},"end":{"line":26,"column":19}},"14":{"start":{"line":30,"column":2},"end":{"line":30,"column":14}}},"branchMap":{"1":{"line":12,"type":"if","locations":[{"start":{"line":12,"column":2},"end":{"line":12,"column":2}},{"start":{"line":12,"column":2},"end":{"line":12,"column":2}}]},"2":{"line":20,"type":"if","locations":[{"start":{"line":20,"column":2},"end":{"line":20,"column":2}},{"start":{"line":20,"column":2},"end":{"line":20,"column":2}}]},"3":{"line":25,"type":"if","locations":[{"start":{"line":25,"column":4},"end":{"line":25,"column":4}},{"start":{"line":25,"column":4},"end":{"line":25,"column":4}}]}}}}