TN:
SF:/Users/osamawh/Desktop/Gradeproof/jsdiff/runtime.js
FNF:0
FNH:0
DA:1,1
LF:1
LH:1
BRF:0
BRH:0
end_of_record
TN:
SF:/Users/osamawh/Desktop/Gradeproof/jsdiff/lib/convert/dmp.js
FN:11,convertChangesToDMP
FNF:1
FNH:1
FNDA:1,convertChangesToDMP
DA:4,1
DA:7,1
DA:11,1
DA:12,1
DA:16,1
DA:17,4
DA:19,4
DA:20,1
DA:21,3
DA:22,1
DA:24,2
DA:27,4
DA:30,1
LF:13
LH:13
BRDA:19,1,0,1
BRDA:19,1,1,3
BRDA:21,2,0,1
BRDA:21,2,1,2
BRF:4
BRH:4
end_of_record
TN:
SF:/Users/osamawh/Desktop/Gradeproof/jsdiff/lib/diff/word.js
FN:24,_interopRequireDefault
FN:61,(anonymous_2)
FN:70,(anonymous_3)
FN:85,diffWords
FN:104,diffWordsWithSpace
FNF:5
FNH:5
FNDA:1,_interopRequireDefault
FNDA:27174,(anonymous_2)
FNDA:100,(anonymous_3)
FNDA:37,diffWords
FNDA:12,diffWordsWithSpace
DA:4,1
DA:7,1
DA:8,1
DA:9,1
DA:12,1
DA:18,1
DA:24,1
DA:45,1
DA:46,1
DA:47,1
DA:58,1
DA:61,1
DA:62,27174
DA:63,9
DA:64,9
DA:67,27174
DA:70,1
DA:71,100
DA:73,100
DA:75,37787
DA:76,3
DA:77,3
DA:78,3
DA:82,100
DA:85,1
DA:86,37
DA:101,37
DA:104,1
DA:105,12
LF:29
LH:29
BRDA:24,1,0,1
BRDA:24,1,1,0
BRDA:24,2,0,1
BRDA:24,2,1,1
BRDA:62,3,0,9
BRDA:62,3,1,27165
BRDA:67,4,0,27174
BRDA:67,4,1,15350
BRDA:67,4,2,15317
BRDA:67,4,3,1563
BRDA:75,5,0,3
BRDA:75,5,1,37784
BRDA:75,6,0,37787
BRDA:75,6,1,15534
BRDA:75,6,2,15501
BRDA:75,6,3,4357
BRF:16
BRH:16
end_of_record
TN:
SF:/Users/osamawh/Desktop/Gradeproof/jsdiff/lib/diff/base.js
FN:10,Diff
FN:16,diff
FN:31,done
FN:33,(anonymous_4)
FN:67,execEditLength
FN:123,exec
FN:124,(anonymous_7)
FN:151,pushComponent
FN:174,extractCommon
FN:200,equals
FN:211,removeEmpty
FN:226,castInput
FN:233,tokenize
FN:240,join
FN:245,buildValues
FN:257,(anonymous_16)
FN:298,clonePath
FNF:17
FNH:17
FNDA:7,Diff
FNDA:111,diff
FNDA:110,done
FNDA:10,(anonymous_4)
FNDA:405,execEditLength
FNDA:24,exec
FNDA:24,(anonymous_7)
FNDA:15832,pushComponent
FNDA:15942,extractCommon
FNDA:708,equals
FNDA:212,removeEmpty
FNDA:192,castInput
FNDA:6,tokenize
FNDA:338,join
FNDA:87,buildValues
FNDA:50,(anonymous_16)
FNDA:5831,clonePath
DA:4,1
DA:7,1
DA:10,1
DA:12,1
DA:18,111
DA:21,111
DA:23,111
DA:24,1
DA:25,1
DA:28,111
DA:29,111
DA:31,1
DA:32,110
DA:33,10
DA:34,10
DA:36,10
DA:38,100
DA:43,111
DA:44,110
DA:45,110
DA:46,110
DA:47,110
DA:49,110
DA:50,110
DA:51,110
DA:56,110
DA:58,110
DA:60,23
DA:67,1
DA:68,405
DA:69,16000
DA:75,16000
DA:79,16000
DA:81,15523
DA:84,16000
DA:87,16000
DA:89,168
DA:90,168
DA:96,15832
DA:97,5831
DA:98,5831
DA:100,10001
DA:102,10001
DA:103,10001
DA:106,15832
DA:108,15832
DA:109,87
DA:112,15745
DA:116,318
DA:122,87
DA:123,7
DA:124,24
DA:128,24
DA:129,1
DA:132,24
DA:133,17
DA:138,80
DA:139,381
DA:141,381
DA:142,80
DA:152,15832
DA:154,15832
DA:157,13950
DA:163,1882
DA:175,15942
DA:181,15942
DA:182,12192
DA:183,12192
DA:184,12192
DA:187,15942
DA:188,472
DA:193,15942
DA:194,15942
DA:201,708
DA:202,3
DA:204,705
DA:212,212
DA:214,212
DA:215,38683
DA:216,23110
DA:220,212
DA:227,192
DA:234,6
DA:241,338
DA:245,1
DA:246,87
DA:251,87
DA:252,331
DA:254,331
DA:255,237
DA:256,27
DA:257,27
DA:258,50
DA:259,50
DA:261,27
DA:263,210
DA:266,237
DA:268,237
DA:269,145
DA:272,94
DA:273,94
DA:277,94
DA:278,57
DA:279,57
DA:280,57
DA:288,87
DA:290,87
DA:291,2
DA:292,2
DA:295,87
DA:298,1
DA:299,5831
LF:112
LH:112
BRDA:20,1,0,77
BRDA:20,1,1,34
BRDA:20,2,0,111
BRDA:20,2,1,111
BRDA:23,3,0,1
BRDA:23,3,1,110
BRDA:32,4,0,10
BRDA:32,4,1,100
BRDA:58,5,0,23
BRDA:58,5,1,87
BRDA:58,6,0,110
BRDA:58,6,1,31
BRDA:77,7,0,15586
BRDA:77,7,1,414
BRDA:79,8,0,15523
BRDA:79,8,1,477
BRDA:84,9,0,16000
BRDA:84,9,1,15523
BRDA:85,10,0,16000
BRDA:85,10,1,15586
BRDA:85,10,2,15586
BRDA:87,11,0,168
BRDA:87,11,1,15832
BRDA:87,12,0,16000
BRDA:87,12,1,502
BRDA:96,13,0,5831
BRDA:96,13,1,10001
BRDA:96,14,0,15832
BRDA:96,14,1,15498
BRDA:96,14,2,15175
BRDA:108,15,0,87
BRDA:108,15,1,15745
BRDA:108,16,0,15832
BRDA:108,16,1,138
BRDA:122,17,0,7
BRDA:122,17,1,80
BRDA:128,18,0,0
BRDA:128,18,1,24
BRDA:132,19,0,17
BRDA:132,19,1,7
BRDA:141,20,0,80
BRDA:141,20,1,301
BRDA:154,21,0,13950
BRDA:154,21,1,1882
BRDA:154,22,0,15832
BRDA:154,22,1,15796
BRDA:154,22,2,14309
BRDA:181,23,0,28134
BRDA:181,23,1,27965
BRDA:181,23,2,27853
BRDA:187,24,0,472
BRDA:187,24,1,15470
BRDA:201,25,0,3
BRDA:201,25,1,705
BRDA:204,26,0,705
BRDA:204,26,1,359
BRDA:204,26,2,3
BRDA:215,27,0,23110
BRDA:215,27,1,15573
BRDA:254,28,0,237
BRDA:254,28,1,94
BRDA:255,29,0,27
BRDA:255,29,1,210
BRDA:255,30,0,237
BRDA:255,30,1,145
BRDA:259,31,0,7
BRDA:259,31,1,43
BRDA:268,32,0,145
BRDA:268,32,1,92
BRDA:277,33,0,57
BRDA:277,33,1,37
BRDA:277,34,0,94
BRDA:277,34,1,87
BRDA:290,35,0,2
BRDA:290,35,1,85
BRDA:290,36,0,87
BRDA:290,36,1,73
BRDA:290,36,2,70
BRDA:290,36,3,44
BRDA:290,36,4,29
BRF:80
BRH:80
end_of_record
TN:
SF:/Users/osamawh/Desktop/Gradeproof/jsdiff/lib/util/params.js
FN:10,generateOptions
FNF:1
FNH:1
FNDA:41,generateOptions
DA:4,1
DA:7,1
DA:10,1
DA:11,41
DA:12,9
DA:13,32
DA:14,1
DA:16,1
DA:17,1
DA:22,41
LF:10
LH:10
BRDA:11,1,0,9
BRDA:11,1,1,32
BRDA:13,2,0,1
BRDA:13,2,1,31
BRDA:16,3,0,1
BRDA:16,3,1,0
BRF:6
BRH:6
end_of_record
TN:
SF:/Users/osamawh/Desktop/Gradeproof/jsdiff/lib/diff/array.js
FN:17,_interopRequireDefault
FN:34,(anonymous_2)
FN:38,(anonymous_3)
FN:42,diffArrays
FNF:4
FNH:4
FNDA:1,_interopRequireDefault
FNDA:10,(anonymous_2)
FNDA:26,(anonymous_3)
FNDA:5,diffArrays
DA:4,1
DA:7,1
DA:8,1
DA:11,1
DA:17,1
DA:20,1
DA:31,1
DA:34,1
DA:35,10
DA:38,1
DA:39,26
DA:42,1
DA:43,5
LF:13
LH:13
BRDA:17,1,0,1
BRDA:17,1,1,0
BRDA:17,2,0,1
BRDA:17,2,1,1
BRF:4
BRH:4
end_of_record
TN:
SF:/Users/osamawh/Desktop/Gradeproof/jsdiff/lib/diff/character.js
FN:17,_interopRequireDefault
FN:34,diffChars
FNF:2
FNH:2
FNDA:1,_interopRequireDefault
FNDA:3,diffChars
DA:4,1
DA:7,1
DA:8,1
DA:11,1
DA:17,1
DA:20,1
DA:31,1
DA:34,1
DA:35,3
LF:9
LH:9
BRDA:17,1,0,1
BRDA:17,1,1,0
BRDA:17,2,0,1
BRDA:17,2,1,1
BRF:4
BRH:4
end_of_record
TN:
SF:/Users/osamawh/Desktop/Gradeproof/jsdiff/lib/convert/xml.js
FN:10,convertChangesToXML
FN:34,escapeHTML
FNF:2
FNH:2
FNDA:54,convertChangesToXML
FNDA:152,escapeHTML
DA:4,1
DA:7,1
DA:10,1
DA:11,54
DA:13,54
DA:14,152
DA:16,152
DA:17,43
DA:18,109
DA:19,36
DA:22,152
DA:24,152
DA:25,43
DA:26,109
DA:27,36
DA:31,54
DA:34,1
DA:35,152
DA:36,152
DA:37,152
DA:38,152
DA:39,152
DA:40,152
LF:23
LH:23
BRDA:16,1,0,43
BRDA:16,1,1,109
BRDA:18,2,0,36
BRDA:18,2,1,73
BRDA:24,3,0,43
BRDA:24,3,1,109
BRDA:26,4,0,36
BRDA:26,4,1,73
BRF:8
BRH:8
end_of_record
TN:
SF:/Users/osamawh/Desktop/Gradeproof/jsdiff/lib/diff/css.js
FN:17,_interopRequireDefault
FN:34,(anonymous_2)
FN:38,diffCss
FNF:3
FNH:3
FNDA:1,_interopRequireDefault
FNDA:2,(anonymous_2)
FNDA:1,diffCss
DA:4,1
DA:7,1
DA:8,1
DA:11,1
DA:17,1
DA:20,1
DA:31,1
DA:34,1
DA:35,2
DA:38,1
DA:39,1
LF:11
LH:11
BRDA:17,1,0,1
BRDA:17,1,1,0
BRDA:17,2,0,1
BRDA:17,2,1,1
BRF:4
BRH:4
end_of_record
TN:
SF:/Users/osamawh/Desktop/Gradeproof/jsdiff/lib/diff/json.js
FN:24,_interopRequireDefault
FN:26,_typeof
FN:26,_typeof
FN:26,_typeof
FN:56,(anonymous_5)
FN:63,(anonymous_6)
FN:74,(anonymous_7)
FN:87,diffJson
FN:93,canonicalize
FNF:9
FNH:9
FNDA:1,_interopRequireDefault
FNDA:1,_typeof
FNDA:105,_typeof
FNDA:0,_typeof
FNDA:29,(anonymous_5)
FNDA:159,(anonymous_6)
FNDA:85,(anonymous_7)
FNDA:15,diffJson
FNDA:111,canonicalize
DA:4,1
DA:7,1
DA:8,1
DA:9,1
DA:12,1
DA:18,1
DA:24,1
DA:26,105
DA:29,1
DA:30,1
DA:42,1
DA:45,1
DA:46,1
DA:56,1
DA:58,29
DA:66,159
DA:71,29
DA:74,1
DA:75,85
DA:87,1
DA:88,15
DA:93,1
DA:94,111
DA:95,111
DA:97,111
DA:98,93
DA:101,111
DA:103,111
DA:104,100
DA:105,2
DA:109,109
DA:111,109
DA:112,4
DA:113,4
DA:114,4
DA:116,4
DA:117,10
DA:120,4
DA:121,4
DA:122,4
DA:125,105
DA:126,5
DA:129,105
DA:134,36
DA:135,36
DA:136,36
DA:138,36
DA:141,36
DA:143,70
DA:144,70
DA:148,36
DA:150,36
DA:151,70
DA:152,70
DA:155,36
DA:156,36
DA:158,69
DA:161,105
LF:58
LH:58
BRDA:24,1,0,1
BRDA:24,1,1,0
BRDA:24,2,0,1
BRDA:24,2,1,1
BRDA:26,3,0,1
BRDA:26,3,1,0
BRDA:26,4,0,1
BRDA:26,4,1,1
BRDA:26,5,0,0
BRDA:26,5,1,0
BRDA:26,6,0,0
BRDA:26,6,1,0
BRDA:26,6,2,0
BRDA:26,6,3,0
BRDA:63,7,0,23
BRDA:63,7,1,6
BRDA:68,8,0,3
BRDA:68,8,1,156
BRDA:71,9,0,2
BRDA:71,9,1,27
BRDA:94,10,0,111
BRDA:94,10,1,31
BRDA:95,11,0,111
BRDA:95,11,1,31
BRDA:97,12,0,93
BRDA:97,12,1,18
BRDA:104,13,0,2
BRDA:104,13,1,98
BRDA:111,14,0,4
BRDA:111,14,1,105
BRDA:125,15,0,5
BRDA:125,15,1,100
BRDA:125,16,0,105
BRDA:125,16,1,102
BRDA:129,17,0,36
BRDA:129,17,1,69
BRDA:131,18,0,105
BRDA:131,18,1,38
BRDA:143,19,0,70
BRDA:143,19,1,0
BRF:40
BRH:40
end_of_record
TN:
SF:/Users/osamawh/Desktop/Gradeproof/jsdiff/lib/diff/line.js
FN:24,_interopRequireDefault
FN:41,(anonymous_2)
FN:67,diffLines
FN:71,diffTrimmedLines
FNF:4
FNH:4
FNDA:1,_interopRequireDefault
FNDA:100,(anonymous_2)
FNDA:32,diffLines
FNDA:4,diffTrimmedLines
DA:4,1
DA:7,1
DA:8,1
DA:9,1
DA:12,1
DA:18,1
DA:24,1
DA:27,1
DA:38,1
DA:41,1
DA:42,100
DA:45,100
DA:46,28
DA:50,100
DA:51,1268
DA:53,1268
DA:54,596
DA:56,672
DA:57,24
DA:60,672
DA:64,100
DA:67,1
DA:68,32
DA:71,1
DA:72,4
DA:87,4
LF:26
LH:26
BRDA:24,1,0,1
BRDA:24,1,1,0
BRDA:24,2,0,1
BRDA:24,2,1,1
BRDA:45,3,0,28
BRDA:45,3,1,72
BRDA:53,4,0,596
BRDA:53,4,1,672
BRDA:53,5,0,1268
BRDA:53,5,1,598
BRDA:56,6,0,24
BRDA:56,6,1,648
BRF:12
BRH:12
end_of_record
TN:
SF:/Users/osamawh/Desktop/Gradeproof/jsdiff/lib/diff/sentence.js
FN:17,_interopRequireDefault
FN:34,(anonymous_2)
FN:38,diffSentences
FNF:3
FNH:3
FNDA:1,_interopRequireDefault
FNDA:4,(anonymous_2)
FNDA:2,diffSentences
DA:4,1
DA:7,1
DA:8,1
DA:11,1
DA:17,1
DA:20,1
DA:31,1
DA:34,1
DA:35,4
DA:38,1
DA:39,2
LF:11
LH:11
BRDA:17,1,0,1
BRDA:17,1,1,0
BRDA:17,2,0,1
BRDA:17,2,1,1
BRF:4
BRH:4
end_of_record
TN:
SF:/Users/osamawh/Desktop/Gradeproof/jsdiff/lib/index.js
FN:9,get
FN:15,get
FN:21,get
FN:27,get
FN:33,get
FN:39,get
FN:45,get
FN:51,get
FN:57,get
FN:63,get
FN:69,get
FN:75,get
FN:81,get
FN:87,get
FN:93,get
FN:99,get
FN:105,get
FN:111,get
FN:117,get
FN:123,get
FN:213,_interopRequireDefault
FNF:21
FNH:21
FNDA:1,get
FNDA:1,get
FNDA:2,get
FNDA:1,get
FNDA:1,get
FNDA:1,get
FNDA:1,get
FNDA:1,get
FNDA:1,get
FNDA:1,get
FNDA:1,get
FNDA:1,get
FNDA:1,get
FNDA:1,get
FNDA:0,get
FNDA:1,get
FNDA:1,get
FNDA:1,get
FNDA:1,get
FNDA:1,get
FNDA:1,_interopRequireDefault
DA:4,1
DA:7,1
DA:10,1
DA:13,1
DA:16,1
DA:19,1
DA:22,2
DA:25,1
DA:28,1
DA:31,1
DA:34,1
DA:37,1
DA:40,1
DA:43,1
DA:46,1
DA:49,1
DA:52,1
DA:55,1
DA:58,1
DA:61,1
DA:64,1
DA:67,1
DA:70,1
DA:73,1
DA:76,1
DA:79,1
DA:82,1
DA:85,1
DA:88,1
DA:91,1
DA:94,1
DA:97,1
DA:100,1
DA:103,1
DA:106,1
DA:109,1
DA:112,1
DA:115,1
DA:118,1
DA:121,1
DA:124,1
DA:129,1
DA:135,1
DA:141,1
DA:147,1
DA:153,1
DA:159,1
DA:165,1
DA:171,1
DA:177,1
DA:183,1
DA:189,1
DA:195,1
DA:201,1
DA:207,1
DA:213,1
LF:56
LH:56
BRDA:213,1,0,1
BRDA:213,1,1,0
BRDA:213,2,0,1
BRDA:213,2,1,1
BRF:4
BRH:4
end_of_record
TN:
SF:/Users/osamawh/Desktop/Gradeproof/jsdiff/lib/patch/apply.js
FN:23,_interopRequireDefault
FN:26,applyPatch
FN:60,(anonymous_3)
FN:79,hunkFits
FN:199,applyPatches
FN:218,processIndex
FN:225,(anonymous_7)
FN:231,(anonymous_8)
FNF:8
FNH:8
FNDA:1,_interopRequireDefault
FNDA:36,applyPatch
FNDA:135,(anonymous_3)
FNDA:45,hunkFits
FNDA:6,applyPatches
FNDA:14,processIndex
FNDA:10,(anonymous_7)
FNDA:9,(anonymous_8)
DA:4,1
DA:7,1
DA:8,1
DA:11,1
DA:17,1
DA:23,1
DA:26,1
DA:28,36
DA:32,36
DA:33,24
DA:48,36
DA:49,26
DA:50,1
DA:53,25
DA:57,35
DA:63,135
DA:79,1
DA:80,45
DA:81,186
DA:85,186
DA:87,138
DA:88,10
DA:90,10
DA:91,9
DA:95,129
DA:99,36
DA:103,35
DA:104,37
DA:108,37
DA:122,37
DA:123,45
DA:124,36
DA:125,36
DA:129,37
DA:130,1
DA:135,36
DA:139,34
DA:141,34
DA:142,36
DA:145,36
DA:147,36
DA:149,1
DA:152,36
DA:153,175
DA:158,175
DA:159,110
DA:160,65
DA:161,17
DA:162,17
DA:164,48
DA:165,41
DA:166,41
DA:167,41
DA:168,7
DA:169,7
DA:171,7
DA:172,1
DA:173,6
DA:174,2
DA:181,34
DA:182,1
DA:183,1
DA:184,1
DA:186,33
DA:187,2
DA:188,2
DA:191,34
DA:192,190
DA:195,34
DA:199,1
DA:200,6
DA:201,5
DA:216,6
DA:218,1
DA:219,14
DA:221,14
DA:222,4
DA:225,10
DA:226,10
DA:227,1
DA:230,9
DA:231,9
DA:232,9
DA:233,1
DA:236,8
DA:241,6
LF:86
LH:86
BRDA:23,1,0,1
BRDA:23,1,1,0
BRDA:23,2,0,1
BRDA:23,2,1,1
BRDA:30,3,0,11
BRDA:30,3,1,25
BRDA:30,4,0,36
BRDA:30,4,1,11
BRDA:32,5,0,24
BRDA:32,5,1,12
BRDA:48,6,0,26
BRDA:48,6,1,10
BRDA:49,7,0,1
BRDA:49,7,1,25
BRDA:58,8,0,35
BRDA:58,8,1,3
BRDA:60,9,0,35
BRDA:60,9,1,34
BRDA:69,10,0,35
BRDA:69,10,1,34
BRDA:82,11,0,185
BRDA:82,11,1,1
BRDA:83,12,0,185
BRDA:83,12,1,1
BRDA:85,13,0,138
BRDA:85,13,1,48
BRDA:85,14,0,186
BRDA:85,14,1,65
BRDA:87,15,0,10
BRDA:87,15,1,128
BRDA:90,16,0,9
BRDA:90,16,1,1
BRDA:123,17,0,36
BRDA:123,17,1,9
BRDA:129,18,0,1
BRDA:129,18,1,36
BRDA:147,19,0,1
BRDA:147,19,1,35
BRDA:154,20,0,174
BRDA:154,20,1,1
BRDA:155,21,0,174
BRDA:155,21,1,1
BRDA:158,22,0,110
BRDA:158,22,1,65
BRDA:160,23,0,17
BRDA:160,23,1,48
BRDA:164,24,0,41
BRDA:164,24,1,7
BRDA:168,25,0,7
BRDA:168,25,1,0
BRDA:169,26,0,6
BRDA:169,26,1,1
BRDA:171,27,0,1
BRDA:171,27,1,6
BRDA:173,28,0,2
BRDA:173,28,1,4
BRDA:181,29,0,1
BRDA:181,29,1,33
BRDA:186,30,0,2
BRDA:186,30,1,31
BRDA:200,31,0,5
BRDA:200,31,1,1
BRDA:221,32,0,4
BRDA:221,32,1,10
BRDA:226,33,0,1
BRDA:226,33,1,9
BRDA:232,34,0,1
BRDA:232,34,1,8
BRF:68
BRH:68
end_of_record
TN:
SF:/Users/osamawh/Desktop/Gradeproof/jsdiff/lib/patch/parse.js
FN:10,parsePatch
FN:20,parseIndex
FN:66,parseFileHeader
FN:86,parseHunk
FNF:4
FNH:4
FNDA:167,parsePatch
FNDA:175,parseIndex
FNDA:350,parseFileHeader
FNDA:168,parseHunk
DA:4,1
DA:7,1
DA:10,1
DA:12,167
DA:15,167
DA:20,1
DA:21,175
DA:22,175
DA:24,175
DA:25,309
DA:27,309
DA:28,174
DA:32,135
DA:34,135
DA:35,65
DA:38,135
DA:43,175
DA:44,175
DA:46,175
DA:48,175
DA:49,331
DA:51,331
DA:52,8
DA:53,323
DA:54,168
DA:55,155
DA:57,1
DA:59,154
DA:66,1
DA:67,350
DA:69,350
DA:70,161
DA:71,161
DA:72,161
DA:74,161
DA:75,2
DA:78,161
DA:79,161
DA:80,161
DA:86,1
DA:87,168
DA:90,168
DA:98,168
DA:101,168
DA:104,877
DA:105,1
DA:108,876
DA:110,876
DA:111,722
DA:112,722
DA:114,722
DA:115,171
DA:116,551
DA:117,155
DA:118,396
DA:119,385
DA:120,385
DA:123,154
DA:128,168
DA:129,3
DA:132,168
DA:133,4
DA:137,168
DA:138,3
DA:139,1
DA:142,2
DA:143,1
DA:147,166
DA:150,167
DA:151,175
DA:154,164
LF:71
LH:71
BRDA:14,1,0,4
BRDA:14,1,1,163
BRDA:14,2,0,167
BRDA:14,2,1,4
BRDA:16,3,0,167
BRDA:16,3,1,3
BRDA:27,4,0,174
BRDA:27,4,1,135
BRDA:34,5,0,65
BRDA:34,5,1,70
BRDA:51,6,0,8
BRDA:51,6,1,323
BRDA:53,7,0,168
BRDA:53,7,1,155
BRDA:55,8,0,1
BRDA:55,8,1,154
BRDA:55,9,0,155
BRDA:55,9,1,3
BRDA:69,10,0,161
BRDA:69,10,1,189
BRDA:70,11,0,80
BRDA:70,11,1,81
BRDA:74,12,0,2
BRDA:74,12,1,159
BRDA:79,13,0,161
BRDA:79,13,1,9
BRDA:92,14,0,168
BRDA:92,14,1,31
BRDA:94,15,0,168
BRDA:94,15,1,4
BRDA:104,16,0,1
BRDA:104,16,1,876
BRDA:104,17,0,877
BRDA:104,17,1,1
BRDA:104,17,2,1
BRDA:104,17,3,1
BRDA:108,18,0,1
BRDA:108,18,1,875
BRDA:108,19,0,876
BRDA:108,19,1,144
BRDA:110,20,0,722
BRDA:110,20,1,154
BRDA:110,21,0,876
BRDA:110,21,1,705
BRDA:110,21,2,550
BRDA:110,21,3,165
BRDA:112,22,0,722
BRDA:112,22,1,10
BRDA:114,23,0,171
BRDA:114,23,1,551
BRDA:116,24,0,155
BRDA:116,24,1,396
BRDA:118,25,0,385
BRDA:118,25,1,11
BRDA:128,26,0,3
BRDA:128,26,1,165
BRDA:128,27,0,168
BRDA:128,27,1,7
BRDA:132,28,0,4
BRDA:132,28,1,164
BRDA:132,29,0,168
BRDA:132,29,1,8
BRDA:137,30,0,3
BRDA:137,30,1,165
BRDA:138,31,0,1
BRDA:138,31,1,2
BRDA:142,32,0,1
BRDA:142,32,1,1
BRF:68
BRH:68
end_of_record
TN:
SF:/Users/osamawh/Desktop/Gradeproof/jsdiff/lib/util/distance-iterator.js
FN:13,_default
FN:22,iterator
FNF:2
FNH:2
FNDA:37,_default
FNDA:12,iterator
DA:4,1
DA:7,1
DA:13,1
DA:18,37
DA:22,37
DA:23,12
DA:24,8
DA:25,3
DA:27,5
DA:32,8
DA:33,6
DA:36,2
DA:39,6
DA:40,5
DA:41,4
DA:46,5
DA:47,2
DA:50,3
DA:51,3
LF:19
LH:19
BRDA:23,1,0,8
BRDA:23,1,1,4
BRDA:23,2,0,12
BRDA:23,2,1,8
BRDA:24,3,0,3
BRDA:24,3,1,5
BRDA:32,4,0,6
BRDA:32,4,1,2
BRDA:39,5,0,5
BRDA:39,5,1,1
BRDA:40,6,0,4
BRDA:40,6,1,1
BRDA:46,7,0,2
BRDA:46,7,1,3
BRF:14
BRH:14
end_of_record
TN:
SF:/Users/osamawh/Desktop/Gradeproof/jsdiff/lib/patch/merge.js
FN:29,_toConsumableArray
FN:31,_nonIterableSpread
FN:33,_iterableToArray
FN:35,_arrayWithoutHoles
FN:38,calcLineCount
FN:59,merge
FN:135,loadPatch
FN:177,fileNameChanged
FN:181,selectField
FN:193,hunkBefore
FN:197,cloneHunk
FN:207,mergeLines
FN:300,mutualChange
FN:420,removal
FN:451,conflict
FN:460,insertLeading
FN:468,insertTrailing
FN:475,collectChange
FN:497,collectContext
FN:552,allRemoves
FN:553,(anonymous_21)
FN:558,skipRemoveSuperset
FN:571,calcOldNewLineCount
FN:574,(anonymous_24)
FNF:24
FNH:24
FNDA:27,_toConsumableArray
FNDA:0,_nonIterableSpread
FNDA:0,_iterableToArray
FNDA:27,_arrayWithoutHoles
FNDA:51,calcLineCount
FNDA:62,merge
FNDA:123,loadPatch
FNDA:23,fileNameChanged
FNDA:8,selectField
FNDA:120,hunkBefore
FNDA:12,cloneHunk
FNDA:51,mergeLines
FNDA:28,mutualChange
FNDA:22,removal
FNDA:32,conflict
FNDA:102,insertLeading
FNDA:102,insertTrailing
FNDA:89,collectChange
FNDA:22,collectContext
FNDA:39,allRemoves
FNDA:76,(anonymous_21)
FNDA:6,skipRemoveSuperset
FNDA:115,calcOldNewLineCount
FNDA:382,(anonymous_24)
DA:4,1
DA:7,1
DA:8,1
DA:11,1
DA:17,1
DA:23,1
DA:29,27
DA:31,1
DA:33,1
DA:35,63
DA:38,1
DA:40,51
DA:46,51
DA:47,39
DA:49,12
DA:52,51
DA:53,31
DA:55,20
DA:59,1
DA:60,62
DA:61,61
DA:62,61
DA:66,61
DA:67,20
DA:70,61
DA:71,20
DA:73,17
DA:74,17
DA:75,17
DA:76,17
DA:77,3
DA:79,1
DA:80,1
DA:81,1
DA:82,1
DA:85,2
DA:86,2
DA:87,2
DA:88,2
DA:92,61
DA:93,61
DA:98,61
DA:99,63
DA:106,63
DA:108,6
DA:109,6
DA:110,6
DA:111,57
DA:113,6
DA:114,6
DA:115,6
DA:118,51
DA:125,51
DA:126,51
DA:127,51
DA:128,51
DA:132,61
DA:135,1
DA:136,123
DA:137,121
DA:138,118
DA:154,3
DA:155,1
DA:158,2
DA:174,2
DA:177,1
DA:178,23
DA:181,1
DA:182,8
DA:183,1
DA:185,7
DA:186,7
DA:193,1
DA:194,120
DA:197,1
DA:198,12
DA:207,1
DA:210,51
DA:221,51
DA:222,51
DA:224,51
DA:225,123
DA:228,123
DA:230,28
DA:231,95
DA:233,4
DA:239,4
DA:254,91
DA:256,3
DA:262,3
DA:277,88
DA:279,11
DA:280,77
DA:282,11
DA:283,66
DA:285,64
DA:286,64
DA:287,64
DA:290,2
DA:295,51
DA:296,51
DA:297,51
DA:300,1
DA:301,28
DA:304,28
DA:306,8
DA:320,3
DA:325,3
DA:341,3
DA:342,5
DA:356,1
DA:361,1
DA:377,1
DA:379,20
DA:393,2
DA:398,2
DA:414,2
DA:417,22
DA:420,1
DA:421,22
DA:424,22
DA:426,14
DA:431,14
DA:447,8
DA:451,1
DA:452,32
DA:453,32
DA:460,1
DA:461,102
DA:462,34
DA:463,34
DA:464,34
DA:468,1
DA:469,102
DA:470,31
DA:471,31
DA:475,1
DA:476,89
DA:479,89
DA:480,262
DA:482,262
DA:483,36
DA:486,262
DA:487,207
DA:488,207
DA:490,55
DA:494,89
DA:497,1
DA:498,22
DA:504,22
DA:505,54
DA:508,54
DA:509,10
DA:512,44
DA:513,44
DA:514,44
DA:517,44
DA:518,2
DA:520,2
DA:521,2
DA:522,2
DA:526,44
DA:527,40
DA:528,40
DA:530,4
DA:534,22
DA:535,4
DA:538,22
DA:539,8
DA:542,14
DA:543,18
DA:546,14
DA:552,1
DA:553,39
DA:554,76
DA:558,1
DA:559,6
DA:560,4
DA:562,4
DA:563,2
DA:567,4
DA:568,4
DA:571,1
DA:572,115
DA:573,115
DA:574,115
DA:575,382
DA:576,32
DA:577,32
DA:579,32
DA:580,30
DA:581,18
DA:583,12
DA:587,32
DA:588,30
DA:589,10
DA:591,20
DA:595,350
DA:596,196
DA:599,350
DA:600,228
DA:604,115
LF:202
LH:202
BRDA:29,1,0,27
BRDA:29,1,1,0
BRDA:29,1,2,0
BRDA:33,2,0,0
BRDA:33,2,1,0
BRDA:33,3,0,0
BRDA:33,3,1,0
BRDA:35,4,0,27
BRDA:35,4,1,0
BRDA:46,5,0,39
BRDA:46,5,1,12
BRDA:52,6,0,31
BRDA:52,6,1,20
BRDA:66,7,0,20
BRDA:66,7,1,41
BRDA:66,8,0,61
BRDA:66,8,1,43
BRDA:67,9,0,20
BRDA:67,9,1,2
BRDA:70,10,0,20
BRDA:70,10,1,41
BRDA:70,11,0,61
BRDA:70,11,1,43
BRDA:71,12,0,17
BRDA:71,12,1,3
BRDA:73,13,0,17
BRDA:73,13,1,2
BRDA:74,14,0,17
BRDA:74,14,1,2
BRDA:75,15,0,17
BRDA:75,15,1,2
BRDA:76,16,0,17
BRDA:76,16,1,2
BRDA:77,17,0,1
BRDA:77,17,1,2
BRDA:98,18,0,124
BRDA:98,18,1,64
BRDA:99,19,0,63
BRDA:99,19,1,3
BRDA:102,20,0,63
BRDA:102,20,1,3
BRDA:106,21,0,6
BRDA:106,21,1,57
BRDA:111,22,0,6
BRDA:111,22,1,51
BRDA:136,23,0,121
BRDA:136,23,1,2
BRDA:137,24,0,118
BRDA:137,24,1,3
BRDA:137,25,0,121
BRDA:137,25,1,11
BRDA:154,26,0,1
BRDA:154,26,1,2
BRDA:178,27,0,23
BRDA:178,27,1,21
BRDA:182,28,0,1
BRDA:182,28,1,7
BRDA:194,29,0,120
BRDA:194,29,1,44
BRDA:224,30,0,174
BRDA:224,30,1,137
BRDA:228,31,0,28
BRDA:228,31,1,95
BRDA:228,32,0,123
BRDA:228,32,1,91
BRDA:228,32,2,43
BRDA:228,32,3,22
BRDA:231,33,0,4
BRDA:231,33,1,91
BRDA:231,34,0,95
BRDA:231,34,1,4
BRDA:254,35,0,3
BRDA:254,35,1,88
BRDA:254,36,0,91
BRDA:254,36,1,3
BRDA:277,37,0,11
BRDA:277,37,1,77
BRDA:277,38,0,88
BRDA:277,38,1,11
BRDA:280,39,0,11
BRDA:280,39,1,66
BRDA:280,40,0,77
BRDA:280,40,1,11
BRDA:283,41,0,64
BRDA:283,41,1,2
BRDA:304,42,0,8
BRDA:304,42,1,20
BRDA:304,43,0,28
BRDA:304,43,1,11
BRDA:306,44,0,3
BRDA:306,44,1,5
BRDA:308,45,0,8
BRDA:308,45,1,4
BRDA:342,46,0,1
BRDA:342,46,1,4
BRDA:344,47,0,5
BRDA:344,47,1,2
BRDA:379,48,0,2
BRDA:379,48,1,18
BRDA:424,49,0,14
BRDA:424,49,1,8
BRDA:447,50,0,4
BRDA:447,50,1,4
BRDA:447,51,0,4
BRDA:447,51,1,4
BRDA:461,52,0,136
BRDA:461,52,1,34
BRDA:482,53,0,36
BRDA:482,53,1,226
BRDA:482,54,0,262
BRDA:482,54,1,168
BRDA:486,55,0,207
BRDA:486,55,1,55
BRDA:504,56,0,66
BRDA:504,56,1,60
BRDA:508,57,0,10
BRDA:508,57,1,44
BRDA:512,58,0,44
BRDA:512,58,1,42
BRDA:517,59,0,2
BRDA:517,59,1,42
BRDA:526,60,0,40
BRDA:526,60,1,4
BRDA:534,61,0,4
BRDA:534,61,1,18
BRDA:534,62,0,22
BRDA:534,62,1,10
BRDA:534,63,0,22
BRDA:534,63,1,6
BRDA:538,64,0,8
BRDA:538,64,1,14
BRDA:554,65,0,76
BRDA:554,65,1,70
BRDA:562,66,0,2
BRDA:562,66,1,2
BRDA:575,67,0,32
BRDA:575,67,1,350
BRDA:579,68,0,30
BRDA:579,68,1,2
BRDA:580,69,0,18
BRDA:580,69,1,12
BRDA:587,70,0,30
BRDA:587,70,1,2
BRDA:588,71,0,10
BRDA:588,71,1,20
BRDA:595,72,0,196
BRDA:595,72,1,154
BRDA:595,73,0,350
BRDA:595,73,1,326
BRDA:595,73,2,224
BRDA:599,74,0,228
BRDA:599,74,1,122
BRDA:599,75,0,350
BRDA:599,75,1,330
BRDA:599,75,2,200
BRF:155
BRH:155
end_of_record
TN:
SF:/Users/osamawh/Desktop/Gradeproof/jsdiff/lib/patch/create.js
FN:18,_toConsumableArray
FN:20,_nonIterableSpread
FN:22,_iterableToArray
FN:24,_arrayWithoutHoles
FN:27,structuredPatch
FN:54,contextLines
FN:55,(anonymous_7)
FN:68,_loop
FN:109,(anonymous_9)
FN:223,createTwoFilesPatch
FN:244,createPatch
FNF:11
FNH:11
FNDA:79,_toConsumableArray
FNDA:0,_nonIterableSpread
FNDA:0,_iterableToArray
FNDA:79,_arrayWithoutHoles
FNDA:24,structuredPatch
FNDA:48,contextLines
FNDA:84,(anonymous_7)
FNDA:106,_loop
FNDA:61,(anonymous_9)
FNDA:21,createTwoFilesPatch
FNDA:20,createPatch
DA:4,1
DA:7,1
DA:8,1
DA:9,1
DA:12,1
DA:18,79
DA:20,1
DA:22,1
DA:24,105
DA:27,1
DA:28,24
DA:29,22
DA:32,24
DA:33,22
DA:36,24
DA:49,24
DA:54,1
DA:55,48
DA:56,84
DA:60,24
DA:61,24
DA:68,24
DA:71,106
DA:73,106
DA:75,106
DA:77,47
DA:81,47
DA:82,29
DA:83,29
DA:84,29
DA:86,29
DA:87,20
DA:88,20
DA:89,20
DA:95,47
DA:110,61
DA:114,47
DA:115,25
DA:117,22
DA:121,59
DA:123,32
DA:125,3
DA:131,3
DA:148,29
DA:152,29
DA:155,29
DA:171,29
DA:179,29
DA:181,18
DA:182,18
DA:183,18
DA:185,18
DA:187,5
DA:190,18
DA:191,8
DA:195,29
DA:196,29
DA:197,29
DA:198,29
DA:202,59
DA:203,59
DA:207,24
DA:209,106
DA:214,24
DA:223,1
DA:224,21
DA:225,21
DA:227,21
DA:228,20
DA:231,21
DA:232,21
DA:233,21
DA:235,21
DA:236,26
DA:237,26
DA:238,26
DA:241,21
DA:244,1
DA:245,20
LF:79
LH:79
BRDA:18,1,0,79
BRDA:18,1,1,0
BRDA:18,1,2,0
BRDA:22,2,0,0
BRDA:22,2,1,0
BRDA:22,3,0,0
BRDA:22,3,1,0
BRDA:24,4,0,79
BRDA:24,4,1,0
BRDA:28,5,0,22
BRDA:28,5,1,2
BRDA:32,6,0,22
BRDA:32,6,1,2
BRDA:72,7,0,106
BRDA:72,7,1,82
BRDA:75,8,0,47
BRDA:75,8,1,59
BRDA:75,9,0,106
BRDA:75,9,1,81
BRDA:81,10,0,29
BRDA:81,10,1,18
BRDA:86,11,0,20
BRDA:86,11,1,9
BRDA:87,12,0,16
BRDA:87,12,1,4
BRDA:110,13,0,36
BRDA:110,13,1,25
BRDA:114,14,0,25
BRDA:114,14,1,22
BRDA:121,15,0,32
BRDA:121,15,1,27
BRDA:123,16,0,3
BRDA:123,16,1,29
BRDA:123,17,0,32
BRDA:123,17,1,22
BRDA:179,18,0,18
BRDA:179,18,1,11
BRDA:179,19,0,29
BRDA:179,19,1,20
BRDA:183,20,0,18
BRDA:183,20,1,12
BRDA:185,21,0,5
BRDA:185,21,1,13
BRDA:185,22,0,18
BRDA:185,22,1,9
BRDA:190,23,0,8
BRDA:190,23,1,10
BRDA:190,24,0,18
BRDA:190,24,1,9
BRDA:190,24,2,14
BRDA:227,25,0,20
BRDA:227,25,1,1
BRDA:232,26,0,6
BRDA:232,26,1,15
BRDA:233,27,0,6
BRDA:233,27,1,15
BRF:56
BRH:56
end_of_record
TN:
SF:/Users/osamawh/Desktop/Gradeproof/jsdiff/lib/util/array.js
FN:11,arrayEqual
FN:19,arrayStartsWith
FNF:2
FNH:2
FNDA:20,arrayEqual
FNDA:25,arrayStartsWith
DA:4,1
DA:7,1
DA:8,1
DA:11,1
DA:12,20
DA:13,8
DA:16,12
DA:19,1
DA:20,25
DA:21,3
DA:24,22
DA:25,40
DA:26,14
DA:30,8
LF:14
LH:14
BRDA:12,1,0,8
BRDA:12,1,1,12
BRDA:20,2,0,3
BRDA:20,2,1,22
BRDA:25,3,0,14
BRDA:25,3,1,26
BRF:6
BRH:6
end_of_record
